Argument: concurrent: 6
Argument: showsql: 0
Argument: debug: 0
Argument: graph: Movies
Argument: reduced logging: 1
runid: +/ZFGkUTSmWKb7q47x3q2A==short Names:  [{Ch Character} {Fm Film} {Ge Genre} {P Person} {Pf Performance}]
ShortNames:  Character Ch
ShortNames:  Film Fm
ShortNames:  Genre Ge
ShortNames:  Person P
ShortNames:  Performance Pf
===========GetItem=======
=== GetItem ===
=========================. processBatch ==========================  0
=========================. processBatch ==========================  39
=========================. processBatch ==========================  33
=========================. processBatch ==========================  29
=========================. processBatch ==========================  26
=========================. processBatch ==========================  23
=========================. processBatch ==========================  21
=========================. processBatch ==========================  19
=========================. processBatch ==========================  17
=========================. processBatch ==========================  15
=========================. processBatch ==========================  13
=========================. processBatch ==========================  11
=========================. processBatch ==========================  9
=========================. processBatch ==========================  7
=========================. processBatch ==========================  5
=========================. processBatch ==========================  3
=========================. processBatch ==========================  1
=========================. processBatch ==========================  0
=========================. processBatch ==========================  16
=========================. processBatch ==========================  8
=========================. processBatch ==========================  4
=========================. processBatch ==========================  2
=========================. processBatch ==========================  1
=========================. processBatch ==========================  0
=========================. processBatch ==========================  8
=========================. processBatch ==========================  1
=========================. processBatch ==========================  0
=========================. processBatch ==========================  3
=========================. processBatch ==========================  0
=========================. processBatch ==========================  1
=========================. processBatch ==========================  0
=========================. processBatch ==========================  0
=========================. processBatch ==========================  0
=========================. processBatch ==========================  1
=========================. processBatch ==========================  0
=========================. processBatch ==========================  1
=========================. processBatch ==========================  0
=========================. processBatch ==========================  0
=========================. processBatch ==========================  1
=========================. processBatch ==========================  0
=========================. processBatch ==========================  0
=========================. processBatch ==========================  0
=========================. processBatch ==========================  0
=========================. processBatch ==========================  0
=========================. processBatch ==========================  0
=========================. processBatch ==========================  0
=========================. processBatch ==========================  0
=========================. processBatch ==========================  0
=========================. processBatch ==========================  0
=========================. processBatch ==========================  0
=========================. processBatch ==========================  0
=========================. processBatch ==========================  0
=========================. processBatch ==========================  0
=========================. processBatch ==========================  0
=========================. processBatch ==========================  0
=========================. processBatch ==========================  0
=========================. processBatch ==========================  0
=========================. processBatch ==========================  0
=========================. processBatch ==========================  0
=========================. processBatch ==========================  0
=========================. processBatch ==========================  0
=========================. processBatch ==========================  0
=========================. processBatch ==========================  0
=========================. processBatch ==========================  0
=========================. processBatch ==========================  0
=========================. processBatch ==========================  0
=========================. processBatch ==========================  0
=========================. processBatch ==========================  0
=========================. processBatch ==========================  0
=========================. processBatch ==========================  0
=========================. processBatch ==========================  0
=========================. processBatch ==========================  0
=========================. processBatch ==========================  0
=========================. processBatch ==========================  0
=========================. processBatch ==========================  0
=========================. processBatch ==========================  0
=========================. processBatch ==========================  0
=========================. processBatch ==========================  0
=========================. processBatch ==========================  0
=========================. processBatch ==========================  0
=========================. processBatch ==========================  0
=========================. processBatch ==========================  0
=========================. processBatch ==========================  0
=========================. processBatch ==========================  0
=========================. processBatch ==========================  0
checkOBatchSizeLimitReached:  zNuA8xp5QuiTpTZo3DkWQQ== m|A#G#:P%1
===========GetItem=======
=== GetItem ===
=========================. processBatch ==========================  0
checkOBatchSizeLimitReached:  zNuA8xp5QuiTpTZo3DkWQQ== m|A#G#:P%1
===========GetItem=======
=== GetItem ===
checkOBatchSizeLimitReached:  zaVFu5pUR92yOCs/dEamKg== m|A#G#:P%1
===========GetItem=======
=== GetItem ===
=========================. processBatch ==========================  0
checkOBatchSizeLimitReached:  S4CxCw8+QwqSNZ7/gvNKxw== m|A#G#:P%1
===========GetItem=======
=== GetItem ===
checkOBatchSizeLimitReached:  sOoXQSKUS7O7kl3yFkcPTQ== m|A#G#:P%1
===========GetItem=======
=== GetItem ===
=========================. processBatch ==========================  0
checkOBatchSizeLimitReached:  S4CxCw8+QwqSNZ7/gvNKxw== m|A#G#:P%1
===========GetItem=======
=== GetItem ===
checkOBatchSizeLimitReached:  sOoXQSKUS7O7kl3yFkcPTQ== m|A#G#:P%1
===========GetItem=======
=== GetItem ===
checkOBatchSizeLimitReached:  zNuA8xp5QuiTpTZo3DkWQQ== m|A#G#:P%1
===========GetItem=======
=== GetItem ===
=========================. processBatch ==========================  0
checkOBatchSizeLimitReached:  S4CxCw8+QwqSNZ7/gvNKxw== m|A#G#:P%1
===========GetItem=======
=== GetItem ===
checkOBatchSizeLimitReached:  sOoXQSKUS7O7kl3yFkcPTQ== m|A#G#:P%1
===========GetItem=======
=== GetItem ===
checkOBatchSizeLimitReached:  zNuA8xp5QuiTpTZo3DkWQQ== m|A#G#:P%1
===========GetItem=======
=== GetItem ===
=========================. processBatch ==========================  0
checkOBatchSizeLimitReached:  sOoXQSKUS7O7kl3yFkcPTQ== m|A#G#:P%1
===========GetItem=======
=== GetItem ===
checkOBatchSizeLimitReached:  S4CxCw8+QwqSNZ7/gvNKxw== m|A#G#:P%1
===========GetItem=======
=== GetItem ===
checkOBatchSizeLimitReached:  zNuA8xp5QuiTpTZo3DkWQQ== m|A#G#:P%1
===========GetItem=======
=== GetItem ===
=========================. processBatch ==========================  0
checkOBatchSizeLimitReached:  S4CxCw8+QwqSNZ7/gvNKxw== m|A#G#:P%1
===========GetItem=======
=== GetItem ===
checkOBatchSizeLimitReached:  sOoXQSKUS7O7kl3yFkcPTQ== m|A#G#:P%1
===========GetItem=======
=== GetItem ===
checkOBatchSizeLimitReached:  zNuA8xp5QuiTpTZo3DkWQQ== m|A#G#:P%1
===========GetItem=======
=== GetItem ===
=========================. processBatch ==========================  0
checkOBatchSizeLimitReached:  S4CxCw8+QwqSNZ7/gvNKxw== m|A#G#:P%1
===========GetItem=======
=== GetItem ===
checkOBatchSizeLimitReached:  sOoXQSKUS7O7kl3yFkcPTQ== m|A#G#:P%1
===========GetItem=======
=== GetItem ===
checkOBatchSizeLimitReached:  zNuA8xp5QuiTpTZo3DkWQQ== m|A#G#:P%1
===========GetItem=======
=== GetItem ===
=========================. processBatch ==========================  0
checkOBatchSizeLimitReached:  sOoXQSKUS7O7kl3yFkcPTQ== m|A#G#:P%1
===========GetItem=======
=== GetItem ===
checkOBatchSizeLimitReached:  S4CxCw8+QwqSNZ7/gvNKxw== m|A#G#:P%1
===========GetItem=======
=== GetItem ===
checkOBatchSizeLimitReached:  zNuA8xp5QuiTpTZo3DkWQQ== m|A#G#:P%1
===========GetItem=======
=== GetItem ===
=========================. processBatch ==========================  0
checkOBatchSizeLimitReached:  sOoXQSKUS7O7kl3yFkcPTQ== m|A#G#:P%1
===========GetItem=======
=== GetItem ===
checkOBatchSizeLimitReached:  zNuA8xp5QuiTpTZo3DkWQQ== m|A#G#:P%1
===========GetItem=======
=== GetItem ===
checkOBatchSizeLimitReached:  S4CxCw8+QwqSNZ7/gvNKxw== m|A#G#:P%1
===========GetItem=======
=== GetItem ===
=========================. processBatch ==========================  0
checkOBatchSizeLimitReached:  S4CxCw8+QwqSNZ7/gvNKxw== m|A#G#:P%1
===========GetItem=======
=== GetItem ===
checkOBatchSizeLimitReached:  sOoXQSKUS7O7kl3yFkcPTQ== m|A#G#:P%1
===========GetItem=======
=== GetItem ===
checkOBatchSizeLimitReached:  zNuA8xp5QuiTpTZo3DkWQQ== m|A#G#:P%1
===========GetItem=======
=== GetItem ===
=========================. processBatch ==========================  0
checkOBatchSizeLimitReached:  sOoXQSKUS7O7kl3yFkcPTQ== m|A#G#:P%1
===========GetItem=======
=== GetItem ===
checkOBatchSizeLimitReached:  S4CxCw8+QwqSNZ7/gvNKxw== m|A#G#:P%1
===========GetItem=======
=== GetItem ===
=========================. processBatch ==========================  0
checkOBatchSizeLimitReached:  S4CxCw8+QwqSNZ7/gvNKxw== m|A#G#:P%1
===========GetItem=======
=== GetItem ===
checkOBatchSizeLimitReached:  sOoXQSKUS7O7kl3yFkcPTQ== m|A#G#:P%1
===========GetItem=======
=== GetItem ===
=========================. processBatch ==========================  0
checkOBatchSizeLimitReached:  S4CxCw8+QwqSNZ7/gvNKxw== m|A#G#:P%1
===========GetItem=======
=== GetItem ===
checkOBatchSizeLimitReached:  sOoXQSKUS7O7kl3yFkcPTQ== m|A#G#:P%1
===========GetItem=======
=== GetItem ===
=========================. processBatch ==========================  0
checkOBatchSizeLimitReached:  S4CxCw8+QwqSNZ7/gvNKxw== m|A#G#:P%1
===========GetItem=======
=== GetItem ===
checkOBatchSizeLimitReached:  sOoXQSKUS7O7kl3yFkcPTQ== m|A#G#:P%1
===========GetItem=======
=== GetItem ===
=========================. processBatch ==========================  0
checkOBatchSizeLimitReached:  sOoXQSKUS7O7kl3yFkcPTQ== m|A#G#:P%1
===========GetItem=======
=== GetItem ===
checkOBatchSizeLimitReached:  S4CxCw8+QwqSNZ7/gvNKxw== m|A#G#:P%1
===========GetItem=======
=== GetItem ===
=========================. processBatch ==========================  0
checkOBatchSizeLimitReached:  S4CxCw8+QwqSNZ7/gvNKxw== m|A#G#:P%1
===========GetItem=======
=== GetItem ===
checkOBatchSizeLimitReached:  sOoXQSKUS7O7kl3yFkcPTQ== m|A#G#:P%1
===========GetItem=======
=== GetItem ===
=========================. processBatch ==========================  0
checkOBatchSizeLimitReached:  S4CxCw8+QwqSNZ7/gvNKxw== m|A#G#:P%1
===========GetItem=======
=== GetItem ===
checkOBatchSizeLimitReached:  sOoXQSKUS7O7kl3yFkcPTQ== m|A#G#:P%1
===========GetItem=======
=== GetItem ===
=========================. processBatch ==========================  0
checkOBatchSizeLimitReached:  S4CxCw8+QwqSNZ7/gvNKxw== m|A#G#:P%1
===========GetItem=======
=== GetItem ===
checkOBatchSizeLimitReached:  sOoXQSKUS7O7kl3yFkcPTQ== m|A#G#:P%1
===========GetItem=======
=== GetItem ===
=========================. processBatch ==========================  0
checkOBatchSizeLimitReached:  S4CxCw8+QwqSNZ7/gvNKxw== m|A#G#:P%1
===========GetItem=======
=== GetItem ===
checkOBatchSizeLimitReached:  sOoXQSKUS7O7kl3yFkcPTQ== m|A#G#:P%1
===========GetItem=======
=== GetItem ===
=========================. processBatch ==========================  0
checkOBatchSizeLimitReached:  S4CxCw8+QwqSNZ7/gvNKxw== m|A#G#:P%1
===========GetItem=======
=== GetItem ===
checkOBatchSizeLimitReached:  sOoXQSKUS7O7kl3yFkcPTQ== m|A#G#:P%1
===========GetItem=======
=== GetItem ===
=========================. processBatch ==========================  0
checkOBatchSizeLimitReached:  S4CxCw8+QwqSNZ7/gvNKxw== m|A#G#:P%1
===========GetItem=======
=== GetItem ===
checkOBatchSizeLimitReached:  sOoXQSKUS7O7kl3yFkcPTQ== m|A#G#:P%1
===========GetItem=======
=== GetItem ===
=========================. processBatch ==========================  0
checkOBatchSizeLimitReached:  S4CxCw8+QwqSNZ7/gvNKxw== m|A#G#:P%1
===========GetItem=======
=== GetItem ===
checkOBatchSizeLimitReached:  sOoXQSKUS7O7kl3yFkcPTQ== m|A#G#:P%1
===========GetItem=======
=== GetItem ===
=========================. processBatch ==========================  0
checkOBatchSizeLimitReached:  S4CxCw8+QwqSNZ7/gvNKxw== m|A#G#:P%1
===========GetItem=======
=== GetItem ===
checkOBatchSizeLimitReached:  sOoXQSKUS7O7kl3yFkcPTQ== m|A#G#:P%1
===========GetItem=======
=== GetItem ===
=========================. processBatch ==========================  0
checkOBatchSizeLimitReached:  S4CxCw8+QwqSNZ7/gvNKxw== m|A#G#:P%1
===========GetItem=======
=== GetItem ===
checkOBatchSizeLimitReached:  sOoXQSKUS7O7kl3yFkcPTQ== m|A#G#:P%1
===========GetItem=======
=== GetItem ===
=========================. processBatch ==========================  0
checkOBatchSizeLimitReached:  S4CxCw8+QwqSNZ7/gvNKxw== m|A#G#:P%1
===========GetItem=======
=== GetItem ===
checkOBatchSizeLimitReached:  sOoXQSKUS7O7kl3yFkcPTQ== m|A#G#:P%1
===========GetItem=======
=== GetItem ===
=========================. processBatch ==========================  0
checkOBatchSizeLimitReached:  S4CxCw8+QwqSNZ7/gvNKxw== m|A#G#:P%1
===========GetItem=======
=== GetItem ===
=========================. processBatch ==========================  0
checkOBatchSizeLimitReached:  S4CxCw8+QwqSNZ7/gvNKxw== m|A#G#:P%1
===========GetItem=======
=== GetItem ===
=========================. processBatch ==========================  0
checkOBatchSizeLimitReached:  S4CxCw8+QwqSNZ7/gvNKxw== m|A#G#:P%1
===========GetItem=======
=== GetItem ===
=========================. processBatch ==========================  0
checkOBatchSizeLimitReached:  S4CxCw8+QwqSNZ7/gvNKxw== m|A#G#:P%1
===========GetItem=======
=== GetItem ===
=========================. processBatch ==========================  0
checkOBatchSizeLimitReached:  S4CxCw8+QwqSNZ7/gvNKxw== m|A#G#:P%1
===========GetItem=======
=== GetItem ===
=========================. processBatch ==========================  0
checkOBatchSizeLimitReached:  S4CxCw8+QwqSNZ7/gvNKxw== m|A#G#:P%1
===========GetItem=======
=== GetItem ===
=========================. processBatch ==========================  0
checkOBatchSizeLimitReached:  S4CxCw8+QwqSNZ7/gvNKxw== m|A#G#:P%1
===========GetItem=======
=== GetItem ===
=========================. processBatch ==========================  0
checkOBatchSizeLimitReached:  S4CxCw8+QwqSNZ7/gvNKxw== m|A#G#:P%1
===========GetItem=======
=== GetItem ===
=========================. processBatch ==========================  0
checkOBatchSizeLimitReached:  S4CxCw8+QwqSNZ7/gvNKxw== m|A#G#:P%1
===========GetItem=======
=== GetItem ===
=========================. processBatch ==========================  0
checkOBatchSizeLimitReached:  S4CxCw8+QwqSNZ7/gvNKxw== m|A#G#:P%1
===========GetItem=======
=== GetItem ===
=========================. processBatch ==========================  0
checkOBatchSizeLimitReached:  S4CxCw8+QwqSNZ7/gvNKxw== m|A#G#:P%1
===========GetItem=======
=== GetItem ===
=========================. processBatch ==========================  0
checkOBatchSizeLimitReached:  S4CxCw8+QwqSNZ7/gvNKxw== m|A#G#:P%1
===========GetItem=======
=== GetItem ===
=========================. processBatch ==========================  0
=========================. processBatch ==========================  0
checkOBatchSizeLimitReached:  S4CxCw8+QwqSNZ7/gvNKxw== m|A#G#:P%1
===========GetItem=======
=== GetItem ===
=========================. processBatch ==========================  0
checkOBatchSizeLimitReached:  S4CxCw8+QwqSNZ7/gvNKxw== m|A#G#:P%1
===========GetItem=======
=== GetItem ===
=========================. processBatch ==========================  0
checkOBatchSizeLimitReached:  S4CxCw8+QwqSNZ7/gvNKxw== m|A#G#:P%1
===========GetItem=======
=== GetItem ===
=========================. processBatch ==========================  0
checkOBatchSizeLimitReached:  S4CxCw8+QwqSNZ7/gvNKxw== m|A#G#:P%1
===========GetItem=======
=== GetItem ===
=========================. processBatch ==========================  0
checkOBatchSizeLimitReached:  S4CxCw8+QwqSNZ7/gvNKxw== m|A#G#:P%1
===========GetItem=======
=== GetItem ===
=========================. processBatch ==========================  0
checkOBatchSizeLimitReached:  S4CxCw8+QwqSNZ7/gvNKxw== m|A#G#:P%1
===========GetItem=======
=== GetItem ===
=========================. processBatch ==========================  0
checkOBatchSizeLimitReached:  S4CxCw8+QwqSNZ7/gvNKxw== m|A#G#:P%1
===========GetItem=======
=== GetItem ===
=========================. processBatch ==========================  0
checkOBatchSizeLimitReached:  S4CxCw8+QwqSNZ7/gvNKxw== m|A#G#:P%1
===========GetItem=======
=== GetItem ===
=========================. processBatch ==========================  0
checkOBatchSizeLimitReached:  S4CxCw8+QwqSNZ7/gvNKxw== m|A#G#:P%1
===========GetItem=======
=== GetItem ===
=========================. processBatch ==========================  0
checkOBatchSizeLimitReached:  S4CxCw8+QwqSNZ7/gvNKxw== m|A#G#:P%1
===========GetItem=======
=== GetItem ===
=========================. processBatch ==========================  0
checkOBatchSizeLimitReached:  S4CxCw8+QwqSNZ7/gvNKxw== m|A#G#:P%1
===========GetItem=======
=== GetItem ===
=========================. processBatch ==========================  0
checkOBatchSizeLimitReached:  S4CxCw8+QwqSNZ7/gvNKxw== m|A#G#:P%1
===========GetItem=======
=== GetItem ===
=========================. processBatch ==========================  0
checkOBatchSizeLimitReached:  S4CxCw8+QwqSNZ7/gvNKxw== m|A#G#:P%1
===========GetItem=======
=== GetItem ===
=========================. processBatch ==========================  0
checkOBatchSizeLimitReached:  S4CxCw8+QwqSNZ7/gvNKxw== m|A#G#:P%1
===========GetItem=======
=== GetItem ===
=========================. processBatch ==========================  0
checkOBatchSizeLimitReached:  S4CxCw8+QwqSNZ7/gvNKxw== m|A#G#:P%1
===========GetItem=======
=== GetItem ===
=========================. processBatch ==========================  0
checkOBatchSizeLimitReached:  S4CxCw8+QwqSNZ7/gvNKxw== m|A#G#:P%1
===========GetItem=======
=== GetItem ===
=========================. processBatch ==========================  0
=========================. processBatch ==========================  11
=========================. processBatch ==========================  5
=========================. processBatch ==========================  2
=========================. processBatch ==========================  0
=========================. processBatch ==========================  4
=========================. processBatch ==========================  1
=========================. processBatch ==========================  0
=========================. processBatch ==========================  1
=========================. processBatch ==========================  0
=========================. processBatch ==========================  9
=========================. processBatch ==========================  6
=========================. processBatch ==========================  4
=========================. processBatch ==========================  3
=========================. processBatch ==========================  2
=========================. processBatch ==========================  1
=========================. processBatch ==========================  0
=========================. processBatch ==========================  7
=========================. processBatch ==========================  3
=========================. processBatch ==========================  2
=========================. processBatch ==========================  1
=========================. processBatch ==========================  0
=========================. processBatch ==========================  5
=========================. processBatch ==========================  2
=========================. processBatch ==========================  1
=========================. processBatch ==========================  0
=========================. processBatch ==========================  10
=========================. processBatch ==========================  6
=========================. processBatch ==========================  4
=========================. processBatch ==========================  2
=========================. processBatch ==========================  1
=========================. processBatch ==========================  0
=========================. processBatch ==========================  6
=========================. processBatch ==========================  2
=========================. processBatch ==========================  1
=========================. processBatch ==========================  0
=========================. processBatch ==========================  3
=========================. processBatch ==========================  0
=========================. processBatch ==========================  3
=========================. processBatch ==========================  1
=========================. processBatch ==========================  0
=========================. processBatch ==========================  9
=========================. processBatch ==========================  5
=========================. processBatch ==========================  4
=========================. processBatch ==========================  3
=========================. processBatch ==========================  2
=========================. processBatch ==========================  1
=========================. processBatch ==========================  0
=========================. processBatch ==========================  4
=========================. processBatch ==========================  1
=========================. processBatch ==========================  0
=========================. processBatch ==========================  0
=========================. processBatch ==========================  1
=========================. processBatch ==========================  0
=========================. processBatch ==========================  0
=========================. processBatch ==========================  0
=========================. processBatch ==========================  0
 ==================== ERRORS : 0	==============


monitor: []interface {}{interface {}(nil), interface {}(nil), interface {}(nil), interface {}(nil), interface {}(nil), interface {}(nil), interface {}(nil), (*monitor.Fetch)(0xc0004665a0), 3574, interface {}(nil)}
monitor: monitor.Fetch{Fetches:7148, CapacityUnits:7148, Items:10260, Duration:66121352998}
Access Type: Edge_ Query
Access Type: EdgeChild Query
Access Type: FetchNode Query
Access Type: label ASZ Query
============= Operation Stats ================
capByTX     Edge_:  
 Consumed Capacity: 
Table: Edge_Movies
CapacityUnits: Min: 1, Max: 2  Cnt: 128  Sum: 145  Avg: 1.1328125

ReadCapacityUnits: 
WriteCapacityUnits: 
Table:
             Capacity: Min: 0, Max: 0  Cnt: 128  Sum: 0  Avg: 0

LSI:  bid_cnt
            Capacity: Min: 1, Max: 2  Cnt: 128  Sum: 145  Avg: 1.1328125

 Retrieved: &{1 150 128 3574}
Scanned: &{1 150 128 3574}

Table:  Edge_Movies
Items:  &{1 150 128 3574}
Scanned:  &{1 150 128 3574}
============= Operation Stats ================
capByTX     EdgeChild:  
 Consumed Capacity: 
Table: EdgeChild_Movies
CapacityUnits: Min: 1, Max: 1  Cnt: 3574  Sum: 3574  Avg: 1

ReadCapacityUnits: 
WriteCapacityUnits: 
Table:
             Capacity: Min: 0, Max: 0  Cnt: 3574  Sum: 0  Avg: 0

LSI:  status_idx
            Capacity: Min: 1, Max: 1  Cnt: 3574  Sum: 3574  Avg: 1

 Retrieved: &{1 1 3574 3574}
Scanned: &{1 1 3574 3574}

Table:  EdgeChild_Movies
Items:  &{1 1 3574 3574}
Scanned:  &{1 1 3574 3574}
============= Operation Stats ================
capByTX     FetchNode:  
 Consumed Capacity: 
Table: GoGraph01
CapacityUnits: Min: 1, Max: 1  Cnt: 7148  Sum: 7148  Avg: 1

ReadCapacityUnits: 
WriteCapacityUnits: 
Table:
             Capacity: Min: 1, Max: 1  Cnt: 7148  Sum: 7148  Avg: 1

 Retrieved: &{1 5 7148 10260}
Scanned: &{1 5 7148 10260}

Table:  GoGraph01
Items:  &{1 5 7148 10260}
Scanned:  &{1 5 7148 10260}
============= Operation Stats ================
capByTX     label ASZ:  
 Consumed Capacity: 
Table: GoGraph01
CapacityUnits: Min: 0.5, Max: 0.5  Cnt: 87  Sum: 43.5  Avg: 0.5

ReadCapacityUnits: 
WriteCapacityUnits: 
Table:
             Capacity: Min: 0.5, Max: 0.5  Cnt: 87  Sum: 43.5  Avg: 0.5

 Retrieved: &{1 1 87 87}
Scanned: &{0 0 87 0}

Table:  GoGraph01
Items:  &{1 1 87 87}
Scanned:  &{0 0 87 0}
============= Table Stats ================
CapByTable      Edge_Movies:  
       Capacity: Min: 0, Max: 0  Cnt: 128  Sum: 0  Avg: 0

============= Table Stats ================
CapByTable      EdgeChild_Movies:  
       Capacity: Min: 0, Max: 0  Cnt: 3574  Sum: 0  Avg: 0

============= Table Stats ================
CapByTable      GoGraph01:  
       Capacity: Min: 0.5, Max: 1  Cnt: 7235  Sum: 7191.5  Avg: 0.9939875604699377

============= LSI Stats ================
CapByLSI      bid_cnt:  
       Capacity: Min: 1, Max: 2  Cnt: 128  Sum: 145  Avg: 1.1328125

============= LSI Stats ================
CapByLSI      status_idx:  
       Capacity: Min: 1, Max: 1  Cnt: 3574  Sum: 3574  Avg: 1

TX: Tag Edge_ 
p50: 4.827039
p80: 7.470719
 mean: 6.352481625, stddev: 7.003254321539619 
 min:  2616991 max: 59848228 cnt: 128 
TX: Tag EdgeChild 
p50: 4.695743
p80: 7.728831
 mean: 7.168944536000001, stddev: 7.630755980716113 
 min:  2042236 max: 190012225 cnt: 3574 
TX: Tag FetchNode 
p50: 6.301631
p80: 11.824255
 mean: 9.425911648, stddev: 8.73715889781843 
 min:  2214400 max: 243207604 cnt: 7148 
TX: Tag label ASZ 
p50: 3.097455
p80: 4.569695
 mean: 6.501690666666667, stddev: 13.510391077745991 
 min:  2207999 max: 119481115 cnt: 87 
