Successfully pinged database..
Argument: concurrent: 6
Argument: table: GoGraph.prd.3
Argument: showsql: 0
Argument: debug: 0
Argument: graph: Movies
Argument: reduced logging: 1
Argument: batch size: 500

 no error 
create new logr for prefix:  TypesDB: 
short Names:  [{Ch Character} {Fm Film} {Ge Genre} {P Person} {Pf Performance}]
ShortNames:  Character Ch
ShortNames:  Film Fm
ShortNames:  Genre Ge
ShortNames:  Person P
ShortNames:  Performance Pf
create new logr for prefix:  types: 
PutITemINput :  {
  Item: {
    sortk: {
      S: "AA"
    },
    start: {
      S: "2022-05-18 18:45:04.396998791 +1000 AEST"
    },
    program: {
      S: "dp"
    },
    status: {
      S: "R"
    },
    logfile: {
      S: "/home/ec2-user/environment/dev/log/GoGraph/GoGraph.p.log"
    },
    run: {
      B: <binary> len 16
    }
  },
  ReturnConsumedCapacity: "INDEXES",
  TableName: "runStats"
}
*** NO DATA FOUND in STATE$
create new logr for prefix:  mysql
create new logr for prefix:  ElasticSearch: 
Establish ES client...
Client: 7.6.0
create new logr for prefix:  errlog: 
create new logr for prefix:  grmgr: 
create new logr for prefix:  ElasticSearch: 
create new logr for prefix:  grmgr: 
ftAttrs []main.ftrec{main.ftrec{Attr:"title", Ty:"m|Fm", Sortk:"m|A#A#:N"}, main.ftrec{Attr:"name", Ty:"m|P", Sortk:"m|A#A#:N"}}
create new logr for prefix:  mysql
create new logr for prefix:  ElasticSearch: 
create new logr for prefix:  DB: 
PutITemINput :  {
  Item: {
    Id: {
      B: <binary> len 16
    },
    Name: {
      S: "LastEvaluatedKey"
    },
    Value: {
      S: "4{SortK : {\n  S: \"m|A#A#:N\"\n} }{PKey : { B : \"31ce3a7d-b88c-4131-820e-0e3734d80508\" } }{E : {\n  S: \"S\"\n} }{Ty : {\n  S: \"m|Fm\"\n} }"
    },
    Updated: {
      S: "2022-05-18 18:45:13.120848576 +1000 AEST"
    }
  },
  ReturnConsumedCapacity: "INDEXES",
  TableName: "pgState"
}
create new logr for prefix:  ElasticSearch: 
create new logr for prefix:  grmgr: 
create new logr for prefix:  ElasticSearch: 
create new logr for prefix:  DB: 
PutITemINput :  {
  Item: {
    Id: {
      B: <binary> len 16
    },
    Name: {
      S: "LastEvaluatedKey"
    },
    Value: {
      S: "4{E : {\n  S: \"S\"\n} }{Ty : {\n  S: \"m|Fm\"\n} }{SortK : {\n  S: \"m|A#A#:N\"\n} }{PKey : { B : \"22ecbe89-0e5c-4186-ba96-95375d5e98d0\" } }"
    },
    Updated: {
      S: "2022-05-18 18:45:19.574084491 +1000 AEST"
    }
  },
  ReturnConsumedCapacity: "INDEXES",
  TableName: "pgState"
}
create new logr for prefix:  ElasticSearch: 
create new logr for prefix:  grmgr: 
create new logr for prefix:  ElasticSearch: 
create new logr for prefix:  DB: 
PutITemINput :  {
  Item: {
    Id: {
      B: <binary> len 16
    },
    Name: {
      S: "LastEvaluatedKey"
    },
    Value: {
      S: "4{SortK : {\n  S: \"m|A#A#:N\"\n} }{PKey : { B : \"0910ecb2-6ecc-4139-9a48-b39d8a24e538\" } }{E : {\n  S: \"S\"\n} }{Ty : {\n  S: \"m|Fm\"\n} }"
    },
    Updated: {
      S: "2022-05-18 18:45:25.933705744 +1000 AEST"
    }
  },
  ReturnConsumedCapacity: "INDEXES",
  TableName: "pgState"
}
create new logr for prefix:  ElasticSearch: 
create new logr for prefix:  DB: 
PutITemINput :  {
  Item: {
    Value: {
      S: "4{E : {\n  S: \"S\"\n} }{Ty : {\n  S: \"m|Fm\"\n} }{SortK : {\n  S: \"m|A#A#:N\"\n} }{PKey : { B : \"d110353f-43a5-4c95-992a-bb92aca3fcb1\" } }"
    },
    Updated: {
      S: "2022-05-18 18:45:32.224369498 +1000 AEST"
    },
    Id: {
      B: <binary> len 16
    },
    Name: {
      S: "LastEvaluatedKey"
    }
  },
  ReturnConsumedCapacity: "INDEXES",
  TableName: "pgState"
}
create new logr for prefix:  ElasticSearch: 
create new logr for prefix:  grmgr: 
create new logr for prefix:  ElasticSearch: 
create new logr for prefix:  grmgr: 
create new logr for prefix:  ElasticSearch: 
create new logr for prefix:  DB: 
PutITemINput :  {
  Item: {
    Id: {
      B: <binary> len 16
    },
    Name: {
      S: "LastEvaluatedKey"
    },
    Value: {
      S: "4{E : {\n  S: \"S\"\n} }{Ty : {\n  S: \"m|Fm\"\n} }{SortK : {\n  S: \"m|A#A#:N\"\n} }{PKey : { B : \"58a42a46-1462-4b59-9f59-1b2205be63bc\" } }"
    },
    Updated: {
      S: "2022-05-18 18:45:38.812265093 +1000 AEST"
    }
  },
  ReturnConsumedCapacity: "INDEXES",
  TableName: "pgState"
}
create new logr for prefix:  ElasticSearch: 
create new logr for prefix:  grmgr: 
create new logr for prefix:  ElasticSearch: 
create new logr for prefix:  grmgr: 
create new logr for prefix:  ElasticSearch: 
create new logr for prefix:  DB: 
PutITemINput :  {
  Item: {
    Id: {
      B: <binary> len 16
    },
    Name: {
      S: "LastEvaluatedKey"
    },
    Value: {
      S: "4{E : {\n  S: \"S\"\n} }{Ty : {\n  S: \"m|Fm\"\n} }{SortK : {\n  S: \"m|A#A#:N\"\n} }{PKey : { B : \"8da8aaa9-1eac-481b-8f28-2311fcd0994b\" } }"
    },
    Updated: {
      S: "2022-05-18 18:45:45.084878897 +1000 AEST"
    }
  },
  ReturnConsumedCapacity: "INDEXES",
  TableName: "pgState"
}
create new logr for prefix:  ElasticSearch: 
create new logr for prefix:  DB: 
PutITemINput :  {
  Item: {
    Id: {
      B: <binary> len 16
    },
    Name: {
      S: "LastEvaluatedKey"
    },
    Value: {
      S: "4{PKey : { B : \"a81127a5-63f9-425a-aa83-3d8bbfd47586\" } }{E : {\n  S: \"S\"\n} }{Ty : {\n  S: \"m|Fm\"\n} }{SortK : {\n  S: \"m|A#A#:N\"\n} }"
    },
    Updated: {
      S: "2022-05-18 18:45:51.572716151 +1000 AEST"
    }
  },
  ReturnConsumedCapacity: "INDEXES",
  TableName: "pgState"
}
create new logr for prefix:  ElasticSearch: 
create new logr for prefix:  grmgr: 
create new logr for prefix:  ElasticSearch: 
create new logr for prefix:  DB: 
PutITemINput :  {
  Item: {
    Value: {
      S: "4{PKey : { B : \"207ef022-f299-49fe-8aa2-b854b7e138a5\" } }{E : {\n  S: \"S\"\n} }{Ty : {\n  S: \"m|Fm\"\n} }{SortK : {\n  S: \"m|A#A#:N\"\n} }"
    },
    Updated: {
      S: "2022-05-18 18:45:58.07498574 +1000 AEST"
    },
    Id: {
      B: <binary> len 16
    },
    Name: {
      S: "LastEvaluatedKey"
    }
  },
  ReturnConsumedCapacity: "INDEXES",
  TableName: "pgState"
}
create new logr for prefix:  ElasticSearch: 
create new logr for prefix:  grmgr: 
create new logr for prefix:  ElasticSearch: 
create new logr for prefix:  grmgr: 
create new logr for prefix:  ElasticSearch: 
create new logr for prefix:  DB: 
PutITemINput :  {
  Item: {
    Updated: {
      S: "2022-05-18 18:46:04.494229183 +1000 AEST"
    },
    Id: {
      B: <binary> len 16
    },
    Name: {
      S: "LastEvaluatedKey"
    },
    Value: {
      S: "4{PKey : { B : \"a51c71ac-c8a6-412c-ac81-fb12c7e8263a\" } }{E : {\n  S: \"S\"\n} }{Ty : {\n  S: \"m|Fm\"\n} }{SortK : {\n  S: \"m|A#A#:N\"\n} }"
    }
  },
  ReturnConsumedCapacity: "INDEXES",
  TableName: "pgState"
}
create new logr for prefix:  ElasticSearch: 
create new logr for prefix:  DB: 
create new logr for prefix:  ElasticSearch: 
create new logr for prefix:  DB: 
PutITemINput :  {
  Item: {
    Id: {
      B: <binary> len 16
    },
    Name: {
      S: "LastEvaluatedKey"
    },
    Value: {
      S: "4{SortK : {\n  S: \"m|A#A#:N\"\n} }{PKey : { B : \"9564f698-5862-40a8-92eb-80d832b4ed69\" } }{E : {\n  S: \"S\"\n} }{Ty : {\n  S: \"m|Fm\"\n} }"
    },
    Updated: {
      S: "2022-05-18 18:46:10.412068001 +1000 AEST"
    }
  },
  ReturnConsumedCapacity: "INDEXES",
  TableName: "pgState"
}
create new logr for prefix:  ElasticSearch: 
create new logr for prefix:  grmgr: 
create new logr for prefix:  ElasticSearch: 
create new logr for prefix:  grmgr: 
create new logr for prefix:  ElasticSearch: 
create new logr for prefix:  DB: 
PutITemINput :  {
  Item: {
    Value: {
      S: "4{SortK : {\n  S: \"m|A#A#:N\"\n} }{PKey : { B : \"24170afb-a54a-468e-86fc-031111ccd205\" } }{E : {\n  S: \"S\"\n} }{Ty : {\n  S: \"m|Fm\"\n} }"
    },
    Updated: {
      S: "2022-05-18 18:46:15.527880116 +1000 AEST"
    },
    Id: {
      B: <binary> len 16
    },
    Name: {
      S: "LastEvaluatedKey"
    }
  },
  ReturnConsumedCapacity: "INDEXES",
  TableName: "pgState"
}
create new logr for prefix:  ElasticSearch: 
create new logr for prefix:  DB: 
PutITemINput :  {
  Item: {
    Name: {
      S: "LastEvaluatedKey"
    },
    Value: {
      S: "4{PKey : { B : \"7402f6c2-d7fc-467b-a89b-fa7956d06f0f\" } }{E : {\n  S: \"S\"\n} }{Ty : {\n  S: \"m|Fm\"\n} }{SortK : {\n  S: \"m|A#A#:N\"\n} }"
    },
    Updated: {
      S: "2022-05-18 18:46:20.63632118 +1000 AEST"
    },
    Id: {
      B: <binary> len 16
    }
  },
  ReturnConsumedCapacity: "INDEXES",
  TableName: "pgState"
}
create new logr for prefix:  ElasticSearch: 
create new logr for prefix:  grmgr: 
create new logr for prefix:  ElasticSearch: 
create new logr for prefix:  mysql
create new logr for prefix:  ElasticSearch: 
create new logr for prefix:  DB: 
PutITemINput :  {
  Item: {
    Id: {
      B: <binary> len 16
    },
    Name: {
      S: "LastEvaluatedKey"
    },
    Value: {
      S: "4{PKey : { B : \"782143f1-2902-4846-b2f4-b2d4cae1f803\" } }{E : {\n  S: \"S\"\n} }{Ty : {\n  S: \"m|P\"\n} }{SortK : {\n  S: \"m|A#A#:N\"\n} }"
    },
    Updated: {
      S: "2022-05-18 18:46:29.286068347 +1000 AEST"
    }
  },
  ReturnConsumedCapacity: "INDEXES",
  TableName: "pgState"
}
create new logr for prefix:  ElasticSearch: 
create new logr for prefix:  grmgr: 
create new logr for prefix:  ElasticSearch: 
create new logr for prefix:  DB: 
create new logr for prefix:  ElasticSearch: 
PutITemINput :  {
  Item: {
    Name: {
      S: "LastEvaluatedKey"
    },
    Value: {
      S: "4{Ty : {\n  S: \"m|P\"\n} }{SortK : {\n  S: \"m|A#A#:N\"\n} }{PKey : { B : \"467dfae9-7870-4a5e-ab0a-75036e0a42c1\" } }{E : {\n  S: \"S\"\n} }"
    },
    Updated: {
      S: "2022-05-18 18:46:34.49452899 +1000 AEST"
    },
    Id: {
      B: <binary> len 16
    }
  },
  ReturnConsumedCapacity: "INDEXES",
  TableName: "pgState"
}
create new logr for prefix:  DB: 
PutITemINput :  {
  Item: {
    Name: {
      S: "LastEvaluatedKey"
    },
    Value: {
      S: "4{PKey : { B : \"3d7c122f-d7ba-4ead-a711-c7a348616b95\" } }{E : {\n  S: \"S\"\n} }{Ty : {\n  S: \"m|P\"\n} }{SortK : {\n  S: \"m|A#A#:N\"\n} }"
    },
    Updated: {
      S: "2022-05-18 18:46:39.598118772 +1000 AEST"
    },
    Id: {
      B: <binary> len 16
    }
  },
  ReturnConsumedCapacity: "INDEXES",
  TableName: "pgState"
}
create new logr for prefix:  ElasticSearch: 
create new logr for prefix:  DB: 
PutITemINput :  {
  Item: {
    Id: {
      B: <binary> len 16
    },
    Name: {
      S: "LastEvaluatedKey"
    },
    Value: {
      S: "4{PKey : { B : \"4794e38d-db0b-474a-b38c-5f7e94960f08\" } }{E : {\n  S: \"S\"\n} }{Ty : {\n  S: \"m|P\"\n} }{SortK : {\n  S: \"m|A#A#:N\"\n} }"
    },
    Updated: {
      S: "2022-05-18 18:46:44.40151046 +1000 AEST"
    }
  },
  ReturnConsumedCapacity: "INDEXES",
  TableName: "pgState"
}
create new logr for prefix:  ElasticSearch: 
create new logr for prefix:  grmgr: 
create new logr for prefix:  ElasticSearch: 
create new logr for prefix:  DB: 
PutITemINput :  {
  Item: {
    Value: {
      S: "4{Ty : {\n  S: \"m|P\"\n} }{SortK : {\n  S: \"m|A#A#:N\"\n} }{PKey : { B : \"ee57551b-4053-43c7-8e46-c6276d0959fd\" } }{E : {\n  S: \"S\"\n} }"
    },
    Updated: {
      S: "2022-05-18 18:46:49.532135771 +1000 AEST"
    },
    Id: {
      B: <binary> len 16
    },
    Name: {
      S: "LastEvaluatedKey"
    }
  },
  ReturnConsumedCapacity: "INDEXES",
  TableName: "pgState"
}
create new logr for prefix:  ElasticSearch: 
create new logr for prefix:  grmgr: 
create new logr for prefix:  ElasticSearch: 
create new logr for prefix:  DB: 
PutITemINput :  {
  Item: {
    Id: {
      B: <binary> len 16
    },
    Name: {
      S: "LastEvaluatedKey"
    },
    Value: {
      S: "4{E : {\n  S: \"S\"\n} }{Ty : {\n  S: \"m|P\"\n} }{SortK : {\n  S: \"m|A#A#:N\"\n} }{PKey : { B : \"8bb477f5-855d-48e6-bc10-329003a97b71\" } }"
    },
    Updated: {
      S: "2022-05-18 18:46:54.805980541 +1000 AEST"
    }
  },
  ReturnConsumedCapacity: "INDEXES",
  TableName: "pgState"
}
create new logr for prefix:  ElasticSearch: 
create new logr for prefix:  DB: 
PutITemINput :  {
  Item: {
    Id: {
      B: <binary> len 16
    },
    Name: {
      S: "LastEvaluatedKey"
    },
    Value: {
      S: "4{SortK : {\n  S: \"m|A#A#:N\"\n} }{PKey : { B : \"7cbf5813-ad08-43c0-8640-091fe7b55fc7\" } }{E : {\n  S: \"S\"\n} }{Ty : {\n  S: \"m|P\"\n} }"
    },
    Updated: {
      S: "2022-05-18 18:46:59.967560873 +1000 AEST"
    }
  },
  ReturnConsumedCapacity: "INDEXES",
  TableName: "pgState"
}
create new logr for prefix:  ElasticSearch: 
create new logr for prefix:  grmgr: 
create new logr for prefix:  ElasticSearch: 
create new logr for prefix:  DB: 
PutITemINput :  {
  Item: {
    Id: {
      B: <binary> len 16
    },
    Name: {
      S: "LastEvaluatedKey"
    },
    Value: {
      S: "4{SortK : {\n  S: \"m|A#A#:N\"\n} }{PKey : { B : \"9ebfd348-bb9a-4178-99c5-fcf16ad72210\" } }{E : {\n  S: \"S\"\n} }{Ty : {\n  S: \"m|P\"\n} }"
    },
    Updated: {
      S: "2022-05-18 18:47:05.080832783 +1000 AEST"
    }
  },
  ReturnConsumedCapacity: "INDEXES",
  TableName: "pgState"
}
create new logr for prefix:  ElasticSearch: 
create new logr for prefix:  DB: 
PutITemINput :  {
  Item: {
    Value: {
      S: "4{SortK : {\n  S: \"m|A#A#:N\"\n} }{PKey : { B : \"e9e2e0d1-b83e-49ea-8f82-5f440784ba97\" } }{E : {\n  S: \"S\"\n} }{Ty : {\n  S: \"m|P\"\n} }"
    },
    Updated: {
      S: "2022-05-18 18:47:10.32657182 +1000 AEST"
    },
    Id: {
      B: <binary> len 16
    },
    Name: {
      S: "LastEvaluatedKey"
    }
  },
  ReturnConsumedCapacity: "INDEXES",
  TableName: "pgState"
}
create new logr for prefix:  ElasticSearch: 
create new logr for prefix:  grmgr: 
create new logr for prefix:  ElasticSearch: 
create new logr for prefix:  DB: 
PutITemINput :  {
  Item: {
    Id: {
      B: <binary> len 16
    },
    Name: {
      S: "LastEvaluatedKey"
    },
    Value: {
      S: "4{E : {\n  S: \"S\"\n} }{Ty : {\n  S: \"m|P\"\n} }{SortK : {\n  S: \"m|A#A#:N\"\n} }{PKey : { B : \"86d58228-8fb9-4773-9438-3c0d586c2ecb\" } }"
    },
    Updated: {
      S: "2022-05-18 18:47:15.624291015 +1000 AEST"
    }
  },
  ReturnConsumedCapacity: "INDEXES",
  TableName: "pgState"
}
create new logr for prefix:  ElasticSearch: 
create new logr for prefix:  DB: 
PutITemINput :  {
  Item: {
    Value: {
      S: "4{SortK : {\n  S: \"m|A#A#:N\"\n} }{PKey : { B : \"7c4fb6c0-b099-4a34-befa-9966a18cb3fa\" } }{E : {\n  S: \"S\"\n} }{Ty : {\n  S: \"m|P\"\n} }"
    },
    Updated: {
      S: "2022-05-18 18:47:20.716207947 +1000 AEST"
    },
    Id: {
      B: <binary> len 16
    },
    Name: {
      S: "LastEvaluatedKey"
    }
  },
  ReturnConsumedCapacity: "INDEXES",
  TableName: "pgState"
}
create new logr for prefix:  ElasticSearch: 
create new logr for prefix:  DB: 
create new logr for prefix:  ElasticSearch: 
create new logr for prefix:  grmgr: 
create new logr for prefix:  ElasticSearch: 
create new logr for prefix:  grmgr: 
create new logr for prefix:  ElasticSearch: 
create new logr for prefix:  DB: 
PutITemINput :  {
  Item: {
    Id: {
      B: <binary> len 16
    },
    Name: {
      S: "LastEvaluatedKey"
    },
    Value: {
      S: "4{PKey : { B : \"0a43954d-20fb-470b-b57d-ee311b830bec\" } }{E : {\n  S: \"S\"\n} }{Ty : {\n  S: \"m|P\"\n} }{SortK : {\n  S: \"m|A#A#:N\"\n} }"
    },
    Updated: {
      S: "2022-05-18 18:47:25.479898603 +1000 AEST"
    }
  },
  ReturnConsumedCapacity: "INDEXES",
  TableName: "pgState"
}
create new logr for prefix:  ElasticSearch: 
create new logr for prefix:  DB: 
PutITemINput :  {
  Item: {
    Id: {
      B: <binary> len 16
    },
    Name: {
      S: "LastEvaluatedKey"
    },
    Value: {
      S: "4{SortK : {\n  S: \"m|A#A#:N\"\n} }{PKey : { B : \"1a235dd7-5a7b-4677-9fcd-ca0cd95ab787\" } }{E : {\n  S: \"S\"\n} }{Ty : {\n  S: \"m|P\"\n} }"
    },
    Updated: {
      S: "2022-05-18 18:47:30.71514588 +1000 AEST"
    }
  },
  ReturnConsumedCapacity: "INDEXES",
  TableName: "pgState"
}
create new logr for prefix:  ElasticSearch: 
create new logr for prefix:  DB: 
create new logr for prefix:  ElasticSearch: 
create new logr for prefix:  grmgr: 
create new logr for prefix:  ElasticSearch: 
create new logr for prefix:  DB: 
PutITemINput :  {
  Item: {
    Id: {
      B: <binary> len 16
    },
    Name: {
      S: "LastEvaluatedKey"
    },
    Value: {
      S: "4{E : {\n  S: \"S\"\n} }{Ty : {\n  S: \"m|P\"\n} }{SortK : {\n  S: \"m|A#A#:N\"\n} }{PKey : { B : \"b0ba9dc7-60d1-428f-b76e-ccb951c77048\" } }"
    },
    Updated: {
      S: "2022-05-18 18:47:35.341573684 +1000 AEST"
    }
  },
  ReturnConsumedCapacity: "INDEXES",
  TableName: "pgState"
}
create new logr for prefix:  ElasticSearch: 
create new logr for prefix:  DB: 
PutITemINput :  {
  Item: {
    Name: {
      S: "LastEvaluatedKey"
    },
    Value: {
      S: "4{Ty : {\n  S: \"m|P\"\n} }{SortK : {\n  S: \"m|A#A#:N\"\n} }{PKey : { B : \"430204b3-0740-4bcb-8116-98db0810c6db\" } }{E : {\n  S: \"S\"\n} }"
    },
    Updated: {
      S: "2022-05-18 18:47:40.182067621 +1000 AEST"
    },
    Id: {
      B: <binary> len 16
    }
  },
  ReturnConsumedCapacity: "INDEXES",
  TableName: "pgState"
}
create new logr for prefix:  ElasticSearch: 
create new logr for prefix:  grmgr: 
create new logr for prefix:  ElasticSearch: 
create new logr for prefix:  grmgr: 
create new logr for prefix:  ElasticSearch: 
create new logr for prefix:  DB: 
PutITemINput :  {
  Item: {
    Id: {
      B: <binary> len 16
    },
    Name: {
      S: "LastEvaluatedKey"
    },
    Value: {
      S: "4{E : {\n  S: \"S\"\n} }{Ty : {\n  S: \"m|P\"\n} }{SortK : {\n  S: \"m|A#A#:N\"\n} }{PKey : { B : \"ccede6f4-a0d1-40fc-88dd-0bdd14aaac28\" } }"
    },
    Updated: {
      S: "2022-05-18 18:47:44.592364272 +1000 AEST"
    }
  },
  ReturnConsumedCapacity: "INDEXES",
  TableName: "pgState"
}
create new logr for prefix:  ElasticSearch: 
create new logr for prefix:  DB: 
create new logr for prefix:  ElasticSearch: 
PutITemINput :  {
  Item: {
    Value: {
      S: "4{PKey : { B : \"15c23205-3fe8-4e4f-ab27-380ffed89f8b\" } }{E : {\n  S: \"S\"\n} }{Ty : {\n  S: \"m|P\"\n} }{SortK : {\n  S: \"m|A#A#:N\"\n} }"
    },
    Updated: {
      S: "2022-05-18 18:47:49.201293359 +1000 AEST"
    },
    Id: {
      B: <binary> len 16
    },
    Name: {
      S: "LastEvaluatedKey"
    }
  },
  ReturnConsumedCapacity: "INDEXES",
  TableName: "pgState"
}
create new logr for prefix:  DB: 
create new logr for prefix:  ElasticSearch: 
create new logr for prefix:  DB: 
PutITemINput :  {
  Item: {
    Id: {
      B: <binary> len 16
    },
    Name: {
      S: "LastEvaluatedKey"
    },
    Value: {
      S: "4{PKey : { B : \"67786bda-ecac-45d1-8ad7-822bfe887646\" } }{E : {\n  S: \"S\"\n} }{Ty : {\n  S: \"m|P\"\n} }{SortK : {\n  S: \"m|A#A#:N\"\n} }"
    },
    Updated: {
      S: "2022-05-18 18:47:53.704125302 +1000 AEST"
    }
  },
  ReturnConsumedCapacity: "INDEXES",
  TableName: "pgState"
}
create new logr for prefix:  ElasticSearch: 
create new logr for prefix:  grmgr: 
create new logr for prefix:  ElasticSearch: 
create new logr for prefix:  DB: 
PutITemINput :  {
  Item: {
    Id: {
      B: <binary> len 16
    },
    Name: {
      S: "LastEvaluatedKey"
    },
    Value: {
      S: "4{PKey : { B : \"9e6764a8-be54-4850-8d5f-9cf3592889ee\" } }{E : {\n  S: \"S\"\n} }{Ty : {\n  S: \"m|P\"\n} }{SortK : {\n  S: \"m|A#A#:N\"\n} }"
    },
    Updated: {
      S: "2022-05-18 18:47:58.415110663 +1000 AEST"
    }
  },
  ReturnConsumedCapacity: "INDEXES",
  TableName: "pgState"
}
create new logr for prefix:  ElasticSearch: 
create new logr for prefix:  DB: 
PutITemINput :  {
  Item: {
    Id: {
      B: <binary> len 16
    },
    Name: {
      S: "LastEvaluatedKey"
    },
    Value: {
      S: "4{E : {\n  S: \"S\"\n} }{Ty : {\n  S: \"m|P\"\n} }{SortK : {\n  S: \"m|A#A#:N\"\n} }{PKey : { B : \"c79f4541-8f45-4816-84fc-0b77dc85ee51\" } }"
    },
    Updated: {
      S: "2022-05-18 18:48:03.21761047 +1000 AEST"
    }
  },
  ReturnConsumedCapacity: "INDEXES",
  TableName: "pgState"
}
create new logr for prefix:  ElasticSearch: 
create new logr for prefix:  grmgr: 
create new logr for prefix:  ElasticSearch: 
create new logr for prefix:  DB: 
PutITemINput :  {
  Item: {
    Updated: {
      S: "2022-05-18 18:48:08.030321372 +1000 AEST"
    },
    Id: {
      B: <binary> len 16
    },
    Name: {
      S: "LastEvaluatedKey"
    },
    Value: {
      S: "4{PKey : { B : \"5eeeed63-2dc9-4345-92bd-8f41d6ac65dc\" } }{E : {\n  S: \"S\"\n} }{Ty : {\n  S: \"m|P\"\n} }{SortK : {\n  S: \"m|A#A#:N\"\n} }"
    }
  },
  ReturnConsumedCapacity: "INDEXES",
  TableName: "pgState"
}
create new logr for prefix:  ElasticSearch: 
create new logr for prefix:  DB: 
PutITemINput :  {
  Item: {
    Id: {
      B: <binary> len 16
    },
    Name: {
      S: "LastEvaluatedKey"
    },
    Value: {
      S: "4{Ty : {\n  S: \"m|P\"\n} }{SortK : {\n  S: \"m|A#A#:N\"\n} }{PKey : { B : \"b989838a-0d87-4b5c-bc8b-22622b0643a3\" } }{E : {\n  S: \"S\"\n} }"
    },
    Updated: {
      S: "2022-05-18 18:48:12.720236841 +1000 AEST"
    }
  },
  ReturnConsumedCapacity: "INDEXES",
  TableName: "pgState"
}
create new logr for prefix:  ElasticSearch: 
create new logr for prefix:  grmgr: 
create new logr for prefix:  ElasticSearch: 
create new logr for prefix:  DB: 
PutITemINput :  {
  Item: {
    Id: {
      B: <binary> len 16
    },
    Name: {
      S: "LastEvaluatedKey"
    },
    Value: {
      S: "4{Ty : {\n  S: \"m|P\"\n} }{SortK : {\n  S: \"m|A#A#:N\"\n} }{PKey : { B : \"746819f6-e210-42c6-85e3-3afda8fad56d\" } }{E : {\n  S: \"S\"\n} }"
    },
    Updated: {
      S: "2022-05-18 18:48:17.458791002 +1000 AEST"
    }
  },
  ReturnConsumedCapacity: "INDEXES",
  TableName: "pgState"
}
create new logr for prefix:  ElasticSearch: 
create new logr for prefix:  DB: 
PutITemINput :  {
  Item: {
    Id: {
      B: <binary> len 16
    },
    Name: {
      S: "LastEvaluatedKey"
    },
    Value: {
      S: "4{Ty : {\n  S: \"m|P\"\n} }{SortK : {\n  S: \"m|A#A#:N\"\n} }{PKey : { B : \"361d3947-8539-4850-8983-d62ca75e47f1\" } }{E : {\n  S: \"S\"\n} }"
    },
    Updated: {
      S: "2022-05-18 18:48:22.257026951 +1000 AEST"
    }
  },
  ReturnConsumedCapacity: "INDEXES",
  TableName: "pgState"
}
create new logr for prefix:  ElasticSearch: 
create new logr for prefix:  DB: 
create new logr for prefix:  ElasticSearch: 
create new logr for prefix:  grmgr: 
create new logr for prefix:  ElasticSearch: 
create new logr for prefix:  grmgr: 
create new logr for prefix:  ElasticSearch: 
create new logr for prefix:  DB: 
PutITemINput :  {
  Item: {
    Updated: {
      S: "2022-05-18 18:48:27.057032818 +1000 AEST"
    },
    Id: {
      B: <binary> len 16
    },
    Name: {
      S: "LastEvaluatedKey"
    },
    Value: {
      S: "4{Ty : {\n  S: \"m|P\"\n} }{SortK : {\n  S: \"m|A#A#:N\"\n} }{PKey : { B : \"4569dd45-6d49-4824-b1a2-2110d001212e\" } }{E : {\n  S: \"S\"\n} }"
    }
  },
  ReturnConsumedCapacity: "INDEXES",
  TableName: "pgState"
}
create new logr for prefix:  ElasticSearch: 
create new logr for prefix:  DB: 
PutITemINput :  {
  Item: {
    Id: {
      B: <binary> len 16
    },
    Name: {
      S: "LastEvaluatedKey"
    },
    Value: {
      S: "4{E : {\n  S: \"S\"\n} }{Ty : {\n  S: \"m|P\"\n} }{SortK : {\n  S: \"m|A#A#:N\"\n} }{PKey : { B : \"7199c2eb-9d3f-4df4-bfd9-a3bcddd381cf\" } }"
    },
    Updated: {
      S: "2022-05-18 18:48:31.836198621 +1000 AEST"
    }
  },
  ReturnConsumedCapacity: "INDEXES",
  TableName: "pgState"
}
create new logr for prefix:  ElasticSearch: 
create new logr for prefix:  grmgr: 
create new logr for prefix:  ElasticSearch: 
create new logr for prefix:  DB: 
PutITemINput :  {
  Item: {
    Updated: {
      S: "2022-05-18 18:48:36.659338828 +1000 AEST"
    },
    Id: {
      B: <binary> len 16
    },
    Name: {
      S: "LastEvaluatedKey"
    },
    Value: {
      S: "4{SortK : {\n  S: \"m|A#A#:N\"\n} }{PKey : { B : \"3b7f33a7-2616-49ea-916f-886f2e99f13f\" } }{E : {\n  S: \"S\"\n} }{Ty : {\n  S: \"m|P\"\n} }"
    }
  },
  ReturnConsumedCapacity: "INDEXES",
  TableName: "pgState"
}
create new logr for prefix:  ElasticSearch: 
create new logr for prefix:  DB: 
PutITemINput :  {
  Item: {
    Name: {
      S: "LastEvaluatedKey"
    },
    Value: {
      S: "4{E : {\n  S: \"S\"\n} }{Ty : {\n  S: \"m|P\"\n} }{SortK : {\n  S: \"m|A#A#:N\"\n} }{PKey : { B : \"76870812-9044-4fdf-82c0-f759a3a81fd0\" } }"
    },
    Updated: {
      S: "2022-05-18 18:48:41.48668243 +1000 AEST"
    },
    Id: {
      B: <binary> len 16
    }
  },
  ReturnConsumedCapacity: "INDEXES",
  TableName: "pgState"
}
create new logr for prefix:  ElasticSearch: 
create new logr for prefix:  grmgr: 
create new logr for prefix:  ElasticSearch: 
create new logr for prefix:  grmgr: 
create new logr for prefix:  ElasticSearch: 
create new logr for prefix:  DB: 
PutITemINput :  {
  Item: {
    Id: {
      B: <binary> len 16
    },
    Name: {
      S: "LastEvaluatedKey"
    },
    Value: {
      S: "4{PKey : { B : \"23b7cc23-e579-4528-b7d2-cda33e21123c\" } }{E : {\n  S: \"S\"\n} }{Ty : {\n  S: \"m|P\"\n} }{SortK : {\n  S: \"m|A#A#:N\"\n} }"
    },
    Updated: {
      S: "2022-05-18 18:48:46.347946212 +1000 AEST"
    }
  },
  ReturnConsumedCapacity: "INDEXES",
  TableName: "pgState"
}
create new logr for prefix:  ElasticSearch: 
create new logr for prefix:  DB: 
PutITemINput :  {
  Item: {
    Value: {
      S: "4{PKey : { B : \"87862b8c-30b8-40ab-9c09-727b14a7696a\" } }{E : {\n  S: \"S\"\n} }{Ty : {\n  S: \"m|P\"\n} }{SortK : {\n  S: \"m|A#A#:N\"\n} }"
    },
    Updated: {
      S: "2022-05-18 18:48:51.234892874 +1000 AEST"
    },
    Id: {
      B: <binary> len 16
    },
    Name: {
      S: "LastEvaluatedKey"
    }
  },
  ReturnConsumedCapacity: "INDEXES",
  TableName: "pgState"
}
create new logr for prefix:  ElasticSearch: 
create new logr for prefix:  grmgr: 
create new logr for prefix:  ElasticSearch: 
create new logr for prefix:  DB: 
PutITemINput :  {
  Item: {
    Name: {
      S: "LastEvaluatedKey"
    },
    Value: {
      S: "4{E : {\n  S: \"S\"\n} }{Ty : {\n  S: \"m|P\"\n} }{SortK : {\n  S: \"m|A#A#:N\"\n} }{PKey : { B : \"5f171bc1-832a-4555-bc73-355df2b9b2f0\" } }"
    },
    Updated: {
      S: "2022-05-18 18:48:56.068029 +1000 AEST"
    },
    Id: {
      B: <binary> len 16
    }
  },
  ReturnConsumedCapacity: "INDEXES",
  TableName: "pgState"
}
create new logr for prefix:  ElasticSearch: 
create new logr for prefix:  DB: 
PutITemINput :  {
  Item: {
    Id: {
      B: <binary> len 16
    },
    Name: {
      S: "LastEvaluatedKey"
    },
    Value: {
      S: "4{PKey : { B : \"2f8d0d0e-4265-478f-b22f-b6fbbc806a78\" } }{E : {\n  S: \"S\"\n} }{Ty : {\n  S: \"m|P\"\n} }{SortK : {\n  S: \"m|A#A#:N\"\n} }"
    },
    Updated: {
      S: "2022-05-18 18:49:00.936284261 +1000 AEST"
    }
  },
  ReturnConsumedCapacity: "INDEXES",
  TableName: "pgState"
}
create new logr for prefix:  ElasticSearch: 
create new logr for prefix:  grmgr: 
create new logr for prefix:  ElasticSearch: 
create new logr for prefix:  DB: 
PutITemINput :  {
  Item: {
    Id: {
      B: <binary> len 16
    },
    Name: {
      S: "LastEvaluatedKey"
    },
    Value: {
      S: "4{E : {\n  S: \"S\"\n} }{Ty : {\n  S: \"m|P\"\n} }{SortK : {\n  S: \"m|A#A#:N\"\n} }{PKey : { B : \"68d66e15-32c3-4f2b-8699-9f290550cbc9\" } }"
    },
    Updated: {
      S: "2022-05-18 18:49:05.896994258 +1000 AEST"
    }
  },
  ReturnConsumedCapacity: "INDEXES",
  TableName: "pgState"
}
create new logr for prefix:  ElasticSearch: 
create new logr for prefix:  DB: 
PutITemINput :  {
  Item: {
    Value: {
      S: "4{PKey : { B : \"7ad1d097-e4bf-453c-9fd5-f329a2697f86\" } }{E : {\n  S: \"S\"\n} }{Ty : {\n  S: \"m|P\"\n} }{SortK : {\n  S: \"m|A#A#:N\"\n} }"
    },
    Updated: {
      S: "2022-05-18 18:49:10.906804297 +1000 AEST"
    },
    Id: {
      B: <binary> len 16
    },
    Name: {
      S: "LastEvaluatedKey"
    }
  },
  ReturnConsumedCapacity: "INDEXES",
  TableName: "pgState"
}
create new logr for prefix:  ElasticSearch: 
create new logr for prefix:  grmgr: 
create new logr for prefix:  ElasticSearch: 
create new logr for prefix:  DB: 
PutITemINput :  {
  Item: {
    Id: {
      B: <binary> len 16
    },
    Name: {
      S: "LastEvaluatedKey"
    },
    Value: {
      S: "4{SortK : {\n  S: \"m|A#A#:N\"\n} }{PKey : { B : \"b98e2c77-cff7-4d2b-a4b0-de330fd87f79\" } }{E : {\n  S: \"S\"\n} }{Ty : {\n  S: \"m|P\"\n} }"
    },
    Updated: {
      S: "2022-05-18 18:49:15.837389797 +1000 AEST"
    }
  },
  ReturnConsumedCapacity: "INDEXES",
  TableName: "pgState"
}
create new logr for prefix:  ElasticSearch: 
create new logr for prefix:  DB: 
create new logr for prefix:  ElasticSearch: 
create new logr for prefix:  DB: 
PutITemINput :  {
  Item: {
    Id: {
      B: <binary> len 16
    },
    Name: {
      S: "LastEvaluatedKey"
    },
    Value: {
      S: "4{Ty : {\n  S: \"m|P\"\n} }{SortK : {\n  S: \"m|A#A#:N\"\n} }{PKey : { B : \"6248621f-efb6-4867-9d63-29ded964af0d\" } }{E : {\n  S: \"S\"\n} }"
    },
    Updated: {
      S: "2022-05-18 18:49:20.902002717 +1000 AEST"
    }
  },
  ReturnConsumedCapacity: "INDEXES",
  TableName: "pgState"
}
create new logr for prefix:  ElasticSearch: 
create new logr for prefix:  grmgr: 
create new logr for prefix:  ElasticSearch: 
create new logr for prefix:  DB: 
PutITemINput :  {
  Item: {
    Updated: {
      S: "2022-05-18 18:49:25.861257302 +1000 AEST"
    },
    Id: {
      B: <binary> len 16
    },
    Name: {
      S: "LastEvaluatedKey"
    },
    Value: {
      S: "4{PKey : { B : \"dac39773-5acf-41db-8eec-3e1bfbb40d79\" } }{E : {\n  S: \"S\"\n} }{Ty : {\n  S: \"m|P\"\n} }{SortK : {\n  S: \"m|A#A#:N\"\n} }"
    }
  },
  ReturnConsumedCapacity: "INDEXES",
  TableName: "pgState"
}
create new logr for prefix:  ElasticSearch: 
create new logr for prefix:  DB: 
PutITemINput :  {
  Item: {
    Id: {
      B: <binary> len 16
    },
    Name: {
      S: "LastEvaluatedKey"
    },
    Value: {
      S: "4{Ty : {\n  S: \"m|P\"\n} }{SortK : {\n  S: \"m|A#A#:N\"\n} }{PKey : { B : \"65042c80-87a0-4027-910d-5de415727110\" } }{E : {\n  S: \"S\"\n} }"
    },
    Updated: {
      S: "2022-05-18 18:49:30.666357706 +1000 AEST"
    }
  },
  ReturnConsumedCapacity: "INDEXES",
  TableName: "pgState"
}
create new logr for prefix:  ElasticSearch: 
create new logr for prefix:  grmgr: 
create new logr for prefix:  ElasticSearch: 
create new logr for prefix:  DB: 
PutITemINput :  {
  Item: {
    Id: {
      B: <binary> len 16
    },
    Name: {
      S: "LastEvaluatedKey"
    },
    Value: {
      S: "4{PKey : { B : \"6028e33b-88d3-48b0-b30a-384c106a85d1\" } }{E : {\n  S: \"S\"\n} }{Ty : {\n  S: \"m|P\"\n} }{SortK : {\n  S: \"m|A#A#:N\"\n} }"
    },
    Updated: {
      S: "2022-05-18 18:49:35.52585733 +1000 AEST"
    }
  },
  ReturnConsumedCapacity: "INDEXES",
  TableName: "pgState"
}
create new logr for prefix:  ElasticSearch: 
create new logr for prefix:  DB: 
PutITemINput :  {
  Item: {
    Id: {
      B: <binary> len 16
    },
    Name: {
      S: "LastEvaluatedKey"
    },
    Value: {
      S: "4{PKey : { B : \"30502e3a-f945-4e8d-9747-854615582b77\" } }{E : {\n  S: \"S\"\n} }{Ty : {\n  S: \"m|P\"\n} }{SortK : {\n  S: \"m|A#A#:N\"\n} }"
    },
    Updated: {
      S: "2022-05-18 18:49:40.381845168 +1000 AEST"
    }
  },
  ReturnConsumedCapacity: "INDEXES",
  TableName: "pgState"
}
create new logr for prefix:  ElasticSearch: 
create new logr for prefix:  grmgr: 
create new logr for prefix:  ElasticSearch: 
create new logr for prefix:  DB: 
PutITemINput :  {
  Item: {
    Updated: {
      S: "2022-05-18 18:49:45.035890175 +1000 AEST"
    },
    Id: {
      B: <binary> len 16
    },
    Name: {
      S: "LastEvaluatedKey"
    },
    Value: {
      S: "4{E : {\n  S: \"S\"\n} }{Ty : {\n  S: \"m|P\"\n} }{SortK : {\n  S: \"m|A#A#:N\"\n} }{PKey : { B : \"06d59f81-1619-40db-a015-e1d0b6cd0076\" } }"
    }
  },
  ReturnConsumedCapacity: "INDEXES",
  TableName: "pgState"
}
create new logr for prefix:  ElasticSearch: 
create new logr for prefix:  DB: 
PutITemINput :  {
  Item: {
    Value: {
      S: "4{PKey : { B : \"a884f771-b62a-449d-bea7-e25019293bfd\" } }{E : {\n  S: \"S\"\n} }{Ty : {\n  S: \"m|P\"\n} }{SortK : {\n  S: \"m|A#A#:N\"\n} }"
    },
    Updated: {
      S: "2022-05-18 18:49:49.721872418 +1000 AEST"
    },
    Id: {
      B: <binary> len 16
    },
    Name: {
      S: "LastEvaluatedKey"
    }
  },
  ReturnConsumedCapacity: "INDEXES",
  TableName: "pgState"
}
create new logr for prefix:  ElasticSearch: 
create new logr for prefix:  DB: 
create new logr for prefix:  ElasticSearch: 
create new logr for prefix:  DB: 
PutITemINput :  {
  Item: {
    Id: {
      B: <binary> len 16
    },
    Name: {
      S: "LastEvaluatedKey"
    },
    Value: {
      S: "4{PKey : { B : \"6095752e-5d89-4fde-9fc0-e19bbb44838a\" } }{E : {\n  S: \"S\"\n} }{Ty : {\n  S: \"m|P\"\n} }{SortK : {\n  S: \"m|A#A#:N\"\n} }"
    },
    Updated: {
      S: "2022-05-18 18:49:54.532107884 +1000 AEST"
    }
  },
  ReturnConsumedCapacity: "INDEXES",
  TableName: "pgState"
}
create new logr for prefix:  grmgr: 
create new logr for prefix:  ElasticSearch: 
create new logr for prefix:  grmgr: 
create new logr for prefix:  ElasticSearch: 
create new logr for prefix:  DB: 
create new logr for prefix:  ElasticSearch: 
PutITemINput :  {
  Item: {
    Id: {
      B: <binary> len 16
    },
    Name: {
      S: "LastEvaluatedKey"
    },
    Value: {
      S: "4{E : {\n  S: \"S\"\n} }{Ty : {\n  S: \"m|P\"\n} }{SortK : {\n  S: \"m|A#A#:N\"\n} }{PKey : { B : \"02ee681e-9db5-4c05-abf7-2328f3640c40\" } }"
    },
    Updated: {
      S: "2022-05-18 18:49:59.255846722 +1000 AEST"
    }
  },
  ReturnConsumedCapacity: "INDEXES",
  TableName: "pgState"
}
create new logr for prefix:  DB: 
PutITemINput :  {
  Item: {
    Id: {
      B: <binary> len 16
    },
    Name: {
      S: "LastEvaluatedKey"
    },
    Value: {
      S: "4{PKey : { B : \"b5666e20-4dec-426d-82c2-f70b19ac5fb4\" } }{E : {\n  S: \"S\"\n} }{Ty : {\n  S: \"m|P\"\n} }{SortK : {\n  S: \"m|A#A#:N\"\n} }"
    },
    Updated: {
      S: "2022-05-18 18:50:04.303204017 +1000 AEST"
    }
  },
  ReturnConsumedCapacity: "INDEXES",
  TableName: "pgState"
}
create new logr for prefix:  ElasticSearch: 
create new logr for prefix:  grmgr: 
create new logr for prefix:  ElasticSearch: 
create new logr for prefix:  DB: 
PutITemINput :  {
  Item: {
    Id: {
      B: <binary> len 16
    },
    Name: {
      S: "LastEvaluatedKey"
    },
    Value: {
      S: "4{PKey : { B : \"9f30f613-a1ae-4182-89b4-e964a301c804\" } }{E : {\n  S: \"S\"\n} }{Ty : {\n  S: \"m|P\"\n} }{SortK : {\n  S: \"m|A#A#:N\"\n} }"
    },
    Updated: {
      S: "2022-05-18 18:50:09.219939443 +1000 AEST"
    }
  },
  ReturnConsumedCapacity: "INDEXES",
  TableName: "pgState"
}
create new logr for prefix:  ElasticSearch: 
create new logr for prefix:  DB: 
PutITemINput :  {
  Item: {
    Id: {
      B: <binary> len 16
    },
    Name: {
      S: "LastEvaluatedKey"
    },
    Value: {
      S: "4{Ty : {\n  S: \"m|P\"\n} }{SortK : {\n  S: \"m|A#A#:N\"\n} }{PKey : { B : \"11fc1582-b0ba-44f2-ab37-5d81decf17ca\" } }{E : {\n  S: \"S\"\n} }"
    },
    Updated: {
      S: "2022-05-18 18:50:14.025066974 +1000 AEST"
    }
  },
  ReturnConsumedCapacity: "INDEXES",
  TableName: "pgState"
}
create new logr for prefix:  ElasticSearch: 
create new logr for prefix:  grmgr: 
create new logr for prefix:  ElasticSearch: 
create new logr for prefix:  grmgr: 
create new logr for prefix:  ElasticSearch: 
create new logr for prefix:  DB: 
PutITemINput :  {
  Item: {
    Name: {
      S: "LastEvaluatedKey"
    },
    Value: {
      S: "4{PKey : { B : \"177c2574-4dea-41ad-ab78-4ef324b88bd4\" } }{E : {\n  S: \"S\"\n} }{Ty : {\n  S: \"m|P\"\n} }{SortK : {\n  S: \"m|A#A#:N\"\n} }"
    },
    Updated: {
      S: "2022-05-18 18:50:18.868825088 +1000 AEST"
    },
    Id: {
      B: <binary> len 16
    }
  },
  ReturnConsumedCapacity: "INDEXES",
  TableName: "pgState"
}
create new logr for prefix:  ElasticSearch: 
create new logr for prefix:  DB: 
PutITemINput :  {
  Item: {
    Id: {
      B: <binary> len 16
    },
    Name: {
      S: "LastEvaluatedKey"
    },
    Value: {
      S: "4{PKey : { B : \"a1dbc4d5-34ce-4be0-b62d-a5e42c321501\" } }{E : {\n  S: \"S\"\n} }{Ty : {\n  S: \"m|P\"\n} }{SortK : {\n  S: \"m|A#A#:N\"\n} }"
    },
    Updated: {
      S: "2022-05-18 18:50:23.721597727 +1000 AEST"
    }
  },
  ReturnConsumedCapacity: "INDEXES",
  TableName: "pgState"
}
create new logr for prefix:  ElasticSearch: 
create new logr for prefix:  grmgr: 
create new logr for prefix:  ElasticSearch: 
create new logr for prefix:  DB: 
PutITemINput :  {
  Item: {
    Id: {
      B: <binary> len 16
    },
    Name: {
      S: "LastEvaluatedKey"
    },
    Value: {
      S: "4{SortK : {\n  S: \"m|A#A#:N\"\n} }{PKey : { B : \"70a1131f-3509-42dc-8a7a-e5e7de9a77f3\" } }{E : {\n  S: \"S\"\n} }{Ty : {\n  S: \"m|P\"\n} }"
    },
    Updated: {
      S: "2022-05-18 18:50:28.510790103 +1000 AEST"
    }
  },
  ReturnConsumedCapacity: "INDEXES",
  TableName: "pgState"
}
create new logr for prefix:  ElasticSearch: 
create new logr for prefix:  DB: 
create new logr for prefix:  ElasticSearch: 
create new logr for prefix:  DB: 
PutITemINput :  {
  Item: {
    Name: {
      S: "LastEvaluatedKey"
    },
    Value: {
      S: "4{SortK : {\n  S: \"m|A#A#:N\"\n} }{PKey : { B : \"dd53c0e1-b7ab-4c3f-86d2-c5bc11aedf12\" } }{E : {\n  S: \"S\"\n} }{Ty : {\n  S: \"m|P\"\n} }"
    },
    Updated: {
      S: "2022-05-18 18:50:33.286486686 +1000 AEST"
    },
    Id: {
      B: <binary> len 16
    }
  },
  ReturnConsumedCapacity: "INDEXES",
  TableName: "pgState"
}
create new logr for prefix:  ElasticSearch: 
create new logr for prefix:  DB: 
create new logr for prefix:  ElasticSearch: 
create new logr for prefix:  grmgr: 
create new logr for prefix:  ElasticSearch: 
create new logr for prefix:  DB: 
PutITemINput :  {
  Item: {
    Id: {
      B: <binary> len 16
    },
    Name: {
      S: "LastEvaluatedKey"
    },
    Value: {
      S: "4{E : {\n  S: \"S\"\n} }{Ty : {\n  S: \"m|P\"\n} }{SortK : {\n  S: \"m|A#A#:N\"\n} }{PKey : { B : \"8fed84fb-4288-4800-a954-e8d3e84d69b4\" } }"
    },
    Updated: {
      S: "2022-05-18 18:50:38.172009351 +1000 AEST"
    }
  },
  ReturnConsumedCapacity: "INDEXES",
  TableName: "pgState"
}
create new logr for prefix:  ElasticSearch: 
create new logr for prefix:  DB: 
PutITemINput :  {
  Item: {
    Name: {
      S: "LastEvaluatedKey"
    },
    Value: {
      S: "4{PKey : { B : \"a63d62fc-fe1d-4731-8cde-55d53db44582\" } }{E : {\n  S: \"S\"\n} }{Ty : {\n  S: \"m|P\"\n} }{SortK : {\n  S: \"m|A#A#:N\"\n} }"
    },
    Updated: {
      S: "2022-05-18 18:50:43.144002945 +1000 AEST"
    },
    Id: {
      B: <binary> len 16
    }
  },
  ReturnConsumedCapacity: "INDEXES",
  TableName: "pgState"
}
create new logr for prefix:  ElasticSearch: 
create new logr for prefix:  grmgr: 
create new logr for prefix:  ElasticSearch: 
create new logr for prefix:  DB: 
PutITemINput :  {
  Item: {
    Value: {
      S: "4{SortK : {\n  S: \"m|A#A#:N\"\n} }{PKey : { B : \"d36147b6-a124-4e91-9bc1-851146e23839\" } }{E : {\n  S: \"S\"\n} }{Ty : {\n  S: \"m|P\"\n} }"
    },
    Updated: {
      S: "2022-05-18 18:50:48.885221722 +1000 AEST"
    },
    Id: {
      B: <binary> len 16
    },
    Name: {
      S: "LastEvaluatedKey"
    }
  },
  ReturnConsumedCapacity: "INDEXES",
  TableName: "pgState"
}
create new logr for prefix:  ElasticSearch: 
create new logr for prefix:  DB: 
PutITemINput :  {
  Item: {
    Name: {
      S: "LastEvaluatedKey"
    },
    Value: {
      S: "4{PKey : { B : \"4a468c82-1fb3-4ba6-b2e2-1266351a0870\" } }{E : {\n  S: \"S\"\n} }{Ty : {\n  S: \"m|P\"\n} }{SortK : {\n  S: \"m|A#A#:N\"\n} }"
    },
    Updated: {
      S: "2022-05-18 18:50:53.920512996 +1000 AEST"
    },
    Id: {
      B: <binary> len 16
    }
  },
  ReturnConsumedCapacity: "INDEXES",
  TableName: "pgState"
}
create new logr for prefix:  ElasticSearch: 
create new logr for prefix:  grmgr: 
create new logr for prefix:  ElasticSearch: 
create new logr for prefix:  DB: 
PutITemINput :  {
  Item: {
    Id: {
      B: <binary> len 16
    },
    Name: {
      S: "LastEvaluatedKey"
    },
    Value: {
      S: "4{Ty : {\n  S: \"m|P\"\n} }{SortK : {\n  S: \"m|A#A#:N\"\n} }{PKey : { B : \"da0861a7-32ca-438a-992b-ad17a804d5e6\" } }{E : {\n  S: \"S\"\n} }"
    },
    Updated: {
      S: "2022-05-18 18:50:58.930427735 +1000 AEST"
    }
  },
  ReturnConsumedCapacity: "INDEXES",
  TableName: "pgState"
}
create new logr for prefix:  ElasticSearch: 
create new logr for prefix:  DB: 
PutITemINput :  {
  Item: {
    Id: {
      B: <binary> len 16
    },
    Name: {
      S: "LastEvaluatedKey"
    },
    Value: {
      S: "4{PKey : { B : \"a1032110-ea2c-4897-8242-85c8c1525d2b\" } }{E : {\n  S: \"S\"\n} }{Ty : {\n  S: \"m|P\"\n} }{SortK : {\n  S: \"m|A#A#:N\"\n} }"
    },
    Updated: {
      S: "2022-05-18 18:51:03.979499503 +1000 AEST"
    }
  },
  ReturnConsumedCapacity: "INDEXES",
  TableName: "pgState"
}
create new logr for prefix:  ElasticSearch: 
create new logr for prefix:  grmgr: 
create new logr for prefix:  ElasticSearch: 
create new logr for prefix:  grmgr: 
create new logr for prefix:  ElasticSearch: 
create new logr for prefix:  DB: 
PutITemINput :  {
  Item: {
    Id: {
      B: <binary> len 16
    },
    Name: {
      S: "LastEvaluatedKey"
    },
    Value: {
      S: "4{SortK : {\n  S: \"m|A#A#:N\"\n} }{PKey : { B : \"f0cea865-748c-423a-ae7f-6d09d37cdfed\" } }{E : {\n  S: \"S\"\n} }{Ty : {\n  S: \"m|P\"\n} }"
    },
    Updated: {
      S: "2022-05-18 18:51:09.168076833 +1000 AEST"
    }
  },
  ReturnConsumedCapacity: "INDEXES",
  TableName: "pgState"
}
create new logr for prefix:  ElasticSearch: 
create new logr for prefix:  DB: 
PutITemINput :  {
  Item: {
    Id: {
      B: <binary> len 16
    },
    Name: {
      S: "LastEvaluatedKey"
    },
    Value: {
      S: "4{PKey : { B : \"70e53b60-51fc-4b69-8f8c-cd40c1e31f84\" } }{E : {\n  S: \"S\"\n} }{Ty : {\n  S: \"m|P\"\n} }{SortK : {\n  S: \"m|A#A#:N\"\n} }"
    },
    Updated: {
      S: "2022-05-18 18:51:14.110530614 +1000 AEST"
    }
  },
  ReturnConsumedCapacity: "INDEXES",
  TableName: "pgState"
}
create new logr for prefix:  ElasticSearch: 
create new logr for prefix:  grmgr: 
create new logr for prefix:  ElasticSearch: 
create new logr for prefix:  grmgr: 
create new logr for prefix:  ElasticSearch: 
create new logr for prefix:  DB: 
PutITemINput :  {
  Item: {
    Id: {
      B: <binary> len 16
    },
    Name: {
      S: "LastEvaluatedKey"
    },
    Value: {
      S: "4{SortK : {\n  S: \"m|A#A#:N\"\n} }{PKey : { B : \"a4d2ed4f-a037-40a6-8785-86d97d6e484f\" } }{E : {\n  S: \"S\"\n} }{Ty : {\n  S: \"m|P\"\n} }"
    },
    Updated: {
      S: "2022-05-18 18:51:19.009995768 +1000 AEST"
    }
  },
  ReturnConsumedCapacity: "INDEXES",
  TableName: "pgState"
}
create new logr for prefix:  ElasticSearch: 
create new logr for prefix:  DB: 
PutITemINput :  {
  Item: {
    Id: {
      B: <binary> len 16
    },
    Name: {
      S: "LastEvaluatedKey"
    },
    Value: {
      S: "4{PKey : { B : \"21df3778-cdd5-46e9-96b0-2531665f9efe\" } }{E : {\n  S: \"S\"\n} }{Ty : {\n  S: \"m|P\"\n} }{SortK : {\n  S: \"m|A#A#:N\"\n} }"
    },
    Updated: {
      S: "2022-05-18 18:51:24.08908557 +1000 AEST"
    }
  },
  ReturnConsumedCapacity: "INDEXES",
  TableName: "pgState"
}
create new logr for prefix:  ElasticSearch: 
create new logr for prefix:  grmgr: 
create new logr for prefix:  ElasticSearch: 
create new logr for prefix:  grmgr: 
create new logr for prefix:  ElasticSearch: 
create new logr for prefix:  DB: 
PutITemINput :  {
  Item: {
    Updated: {
      S: "2022-05-18 18:51:27.669370696 +1000 AEST"
    },
    Id: {
      B: <binary> len 16
    },
    Name: {
      S: "LastEvaluatedKey"
    },
    Value: {
      S: "4{E : {\n  S: \"S\"\n} }{Ty : {\n  S: \"m|P\"\n} }{SortK : {\n  S: \"m|A#A#:N\"\n} }{PKey : { B : \"795a69f7-2407-42a7-8b28-ac1933bd1f80\" } }"
    }
  },
  ReturnConsumedCapacity: "INDEXES",
  TableName: "pgState"
}
create new logr for prefix:  ElasticSearch: 
create new logr for prefix:  DB: 
create new logr for prefix:  ElasticSearch: 
create new logr for prefix:  DB: 
PutITemINput :  {
  Item: {
    Id: {
      B: <binary> len 16
    },
    Name: {
      S: "LastEvaluatedKey"
    },
    Value: {
      S: "4{SortK : {\n  S: \"m|A#A#:N\"\n} }{PKey : { B : \"fdc6f806-8a33-4639-bb21-44cdad4e47ec\" } }{E : {\n  S: \"S\"\n} }{Ty : {\n  S: \"m|P\"\n} }"
    },
    Updated: {
      S: "2022-05-18 18:51:31.39143799 +1000 AEST"
    }
  },
  ReturnConsumedCapacity: "INDEXES",
  TableName: "pgState"
}
create new logr for prefix:  ElasticSearch: 
create new logr for prefix:  grmgr: 
create new logr for prefix:  ElasticSearch: 
create new logr for prefix:  grmgr: 
create new logr for prefix:  ElasticSearch: 
create new logr for prefix:  DB: 
PutITemINput :  {
  Item: {
    Id: {
      B: <binary> len 16
    },
    Name: {
      S: "LastEvaluatedKey"
    },
    Value: {
      S: "4{Ty : {\n  S: \"m|P\"\n} }{SortK : {\n  S: \"m|A#A#:N\"\n} }{PKey : { B : \"32b27bce-1525-4b00-a5d3-06c3cad4fb72\" } }{E : {\n  S: \"S\"\n} }"
    },
    Updated: {
      S: "2022-05-18 18:51:35.366041949 +1000 AEST"
    }
  },
  ReturnConsumedCapacity: "INDEXES",
  TableName: "pgState"
}
create new logr for prefix:  ElasticSearch: 
create new logr for prefix:  DB: 
PutITemINput :  {
  Item: {
    Id: {
      B: <binary> len 16
    },
    Name: {
      S: "LastEvaluatedKey"
    },
    Value: {
      S: "4{PKey : { B : \"7b8ea562-653b-413a-90fe-d19da68fdf84\" } }{E : {\n  S: \"S\"\n} }{Ty : {\n  S: \"m|P\"\n} }{SortK : {\n  S: \"m|A#A#:N\"\n} }"
    },
    Updated: {
      S: "2022-05-18 18:51:39.212128648 +1000 AEST"
    }
  },
  ReturnConsumedCapacity: "INDEXES",
  TableName: "pgState"
}
create new logr for prefix:  ElasticSearch: 
create new logr for prefix:  DB: 
PutITemINput :  {
  Item: {
    Value: {
      S: "4{SortK : {\n  S: \"m|A#A#:N\"\n} }{PKey : { B : \"f8080381-43ac-4e86-92fb-b138150d6439\" } }{E : {\n  S: \"S\"\n} }{Ty : {\n  S: \"m|P\"\n} }"
    },
    Updated: {
      S: "2022-05-18 18:51:43.190220981 +1000 AEST"
    },
    Id: {
      B: <binary> len 16
    },
    Name: {
      S: "LastEvaluatedKey"
    }
  },
  ReturnConsumedCapacity: "INDEXES",
  TableName: "pgState"
}
create new logr for prefix:  ElasticSearch: 
create new logr for prefix:  grmgr: 
create new logr for prefix:  ElasticSearch: 
create new logr for prefix:  DB: 
PutITemINput :  {
  Item: {
    Id: {
      B: <binary> len 16
    },
    Name: {
      S: "LastEvaluatedKey"
    },
    Value: {
      S: "4{PKey : { B : \"ab0f968f-9196-4120-9215-edec41703629\" } }{E : {\n  S: \"S\"\n} }{Ty : {\n  S: \"m|P\"\n} }{SortK : {\n  S: \"m|A#A#:N\"\n} }"
    },
    Updated: {
      S: "2022-05-18 18:51:47.239642226 +1000 AEST"
    }
  },
  ReturnConsumedCapacity: "INDEXES",
  TableName: "pgState"
}
create new logr for prefix:  ElasticSearch: 
create new logr for prefix:  DB: 
create new logr for prefix:  ElasticSearch: 
create new logr for prefix:  DB: 
PutITemINput :  {
  Item: {
    Id: {
      B: <binary> len 16
    },
    Name: {
      S: "LastEvaluatedKey"
    },
    Value: {
      S: "4{PKey : { B : \"8f7971cb-30b6-4ed3-addd-f979591fce88\" } }{E : {\n  S: \"S\"\n} }{Ty : {\n  S: \"m|P\"\n} }{SortK : {\n  S: \"m|A#A#:N\"\n} }"
    },
    Updated: {
      S: "2022-05-18 18:51:51.416054676 +1000 AEST"
    }
  },
  ReturnConsumedCapacity: "INDEXES",
  TableName: "pgState"
}
create new logr for prefix:  ElasticSearch: 
create new logr for prefix:  grmgr: 
create new logr for prefix:  ElasticSearch: 
create new logr for prefix:  DB: 
PutITemINput :  {
  Item: {
    Id: {
      B: <binary> len 16
    },
    Name: {
      S: "LastEvaluatedKey"
    },
    Value: {
      S: "4{SortK : {\n  S: \"m|A#A#:N\"\n} }{PKey : { B : \"7caea294-8fb1-4cc9-a176-1c2d6c2bb8e8\" } }{E : {\n  S: \"S\"\n} }{Ty : {\n  S: \"m|P\"\n} }"
    },
    Updated: {
      S: "2022-05-18 18:51:55.761711349 +1000 AEST"
    }
  },
  ReturnConsumedCapacity: "INDEXES",
  TableName: "pgState"
}
create new logr for prefix:  ElasticSearch: 
create new logr for prefix:  DB: 
PutITemINput :  {
  Item: {
    Id: {
      B: <binary> len 16
    },
    Name: {
      S: "LastEvaluatedKey"
    },
    Value: {
      S: "4{SortK : {\n  S: \"m|A#A#:N\"\n} }{PKey : { B : \"309c9f6b-f573-43f6-bebb-55d63d9be74d\" } }{E : {\n  S: \"S\"\n} }{Ty : {\n  S: \"m|P\"\n} }"
    },
    Updated: {
      S: "2022-05-18 18:52:00.320585987 +1000 AEST"
    }
  },
  ReturnConsumedCapacity: "INDEXES",
  TableName: "pgState"
}
create new logr for prefix:  ElasticSearch: 
create new logr for prefix:  grmgr: 
create new logr for prefix:  ElasticSearch: 
create new logr for prefix:  DB: 
PutITemINput :  {
  Item: {
    Value: {
      S: "4{SortK : {\n  S: \"m|A#A#:N\"\n} }{PKey : { B : \"6e090024-c5f9-4670-bb06-5386dcfd819c\" } }{E : {\n  S: \"S\"\n} }{Ty : {\n  S: \"m|P\"\n} }"
    },
    Updated: {
      S: "2022-05-18 18:52:05.314144899 +1000 AEST"
    },
    Id: {
      B: <binary> len 16
    },
    Name: {
      S: "LastEvaluatedKey"
    }
  },
  ReturnConsumedCapacity: "INDEXES",
  TableName: "pgState"
}
create new logr for prefix:  ElasticSearch: 
create new logr for prefix:  DB: 
PutITemINput :  {
  Item: {
    Id: {
      B: <binary> len 16
    },
    Name: {
      S: "LastEvaluatedKey"
    },
    Value: {
      S: "4{SortK : {\n  S: \"m|A#A#:N\"\n} }{PKey : { B : \"4219571b-4ca8-44cd-b4d3-500b4650b4e1\" } }{E : {\n  S: \"S\"\n} }{Ty : {\n  S: \"m|P\"\n} }"
    },
    Updated: {
      S: "2022-05-18 18:52:10.020049863 +1000 AEST"
    }
  },
  ReturnConsumedCapacity: "INDEXES",
  TableName: "pgState"
}
create new logr for prefix:  ElasticSearch: 
create new logr for prefix:  DB: 
PutITemINput :  {
  Item: {
    Id: {
      B: <binary> len 16
    },
    Name: {
      S: "LastEvaluatedKey"
    },
    Value: {
      S: "4{PKey : { B : \"2d549dd2-96ab-4f51-a805-ddb93fb31d65\" } }{E : {\n  S: \"S\"\n} }{Ty : {\n  S: \"m|P\"\n} }{SortK : {\n  S: \"m|A#A#:N\"\n} }"
    },
    Updated: {
      S: "2022-05-18 18:52:14.480721298 +1000 AEST"
    }
  },
  ReturnConsumedCapacity: "INDEXES",
  TableName: "pgState"
}
create new logr for prefix:  ElasticSearch: 
create new logr for prefix:  grmgr: 
create new logr for prefix:  ElasticSearch: 
create new logr for prefix:  grmgr: 
create new logr for prefix:  ElasticSearch: 
create new logr for prefix:  DB: 
PutITemINput :  {
  Item: {
    Id: {
      B: <binary> len 16
    },
    Name: {
      S: "LastEvaluatedKey"
    },
    Value: {
      S: "4{PKey : { B : \"acaaacfe-3cac-451a-bfe2-d9379ef2aa80\" } }{E : {\n  S: \"S\"\n} }{Ty : {\n  S: \"m|P\"\n} }{SortK : {\n  S: \"m|A#A#:N\"\n} }"
    },
    Updated: {
      S: "2022-05-18 18:52:18.70315046 +1000 AEST"
    }
  },
  ReturnConsumedCapacity: "INDEXES",
  TableName: "pgState"
}
create new logr for prefix:  ElasticSearch: 
create new logr for prefix:  DB: 
PutITemINput :  {
  Item: {
    Id: {
      B: <binary> len 16
    },
    Name: {
      S: "LastEvaluatedKey"
    },
    Value: {
      S: "4{Ty : {\n  S: \"m|P\"\n} }{SortK : {\n  S: \"m|A#A#:N\"\n} }{PKey : { B : \"a0f3fc26-f690-4f62-af33-2d2defb1d01e\" } }{E : {\n  S: \"S\"\n} }"
    },
    Updated: {
      S: "2022-05-18 18:52:22.984032926 +1000 AEST"
    }
  },
  ReturnConsumedCapacity: "INDEXES",
  TableName: "pgState"
}
create new logr for prefix:  ElasticSearch: 
create new logr for prefix:  grmgr: 
create new logr for prefix:  ElasticSearch: 
create new logr for prefix:  DB: 
PutITemINput :  {
  Item: {
    Id: {
      B: <binary> len 16
    },
    Name: {
      S: "LastEvaluatedKey"
    },
    Value: {
      S: "4{PKey : { B : \"522e35d6-94a6-4cae-a4b7-2c52daa273d9\" } }{E : {\n  S: \"S\"\n} }{Ty : {\n  S: \"m|P\"\n} }{SortK : {\n  S: \"m|A#A#:N\"\n} }"
    },
    Updated: {
      S: "2022-05-18 18:52:27.285886735 +1000 AEST"
    }
  },
  ReturnConsumedCapacity: "INDEXES",
  TableName: "pgState"
}
create new logr for prefix:  ElasticSearch: 
create new logr for prefix:  DB: 
PutITemINput :  {
  Item: {
    Id: {
      B: <binary> len 16
    },
    Name: {
      S: "LastEvaluatedKey"
    },
    Value: {
      S: "4{PKey : { B : \"9a98fa93-b1c0-434a-8f25-9524e2b97144\" } }{E : {\n  S: \"S\"\n} }{Ty : {\n  S: \"m|P\"\n} }{SortK : {\n  S: \"m|A#A#:N\"\n} }"
    },
    Updated: {
      S: "2022-05-18 18:52:31.791296927 +1000 AEST"
    }
  },
  ReturnConsumedCapacity: "INDEXES",
  TableName: "pgState"
}
create new logr for prefix:  ElasticSearch: 
create new logr for prefix:  grmgr: 
create new logr for prefix:  ElasticSearch: 
create new logr for prefix:  grmgr: 
create new logr for prefix:  ElasticSearch: 
create new logr for prefix:  DB: 
PutITemINput :  {
  Item: {
    Name: {
      S: "LastEvaluatedKey"
    },
    Value: {
      S: "4{E : {\n  S: \"S\"\n} }{Ty : {\n  S: \"m|P\"\n} }{SortK : {\n  S: \"m|A#A#:N\"\n} }{PKey : { B : \"a4a7c4f3-8e8c-4b1f-97b6-71dcf42852bd\" } }"
    },
    Updated: {
      S: "2022-05-18 18:52:36.293975375 +1000 AEST"
    },
    Id: {
      B: <binary> len 16
    }
  },
  ReturnConsumedCapacity: "INDEXES",
  TableName: "pgState"
}
create new logr for prefix:  ElasticSearch: 
create new logr for prefix:  DB: 
PutITemINput :  {
  Item: {
    Id: {
      B: <binary> len 16
    },
    Name: {
      S: "LastEvaluatedKey"
    },
    Value: {
      S: "4{PKey : { B : \"a6f49a8b-84e8-427d-b7f2-5c4aa74ec498\" } }{E : {\n  S: \"S\"\n} }{Ty : {\n  S: \"m|P\"\n} }{SortK : {\n  S: \"m|A#A#:N\"\n} }"
    },
    Updated: {
      S: "2022-05-18 18:52:40.966843805 +1000 AEST"
    }
  },
  ReturnConsumedCapacity: "INDEXES",
  TableName: "pgState"
}
create new logr for prefix:  ElasticSearch: 
create new logr for prefix:  grmgr: 
create new logr for prefix:  ElasticSearch: 
create new logr for prefix:  grmgr: 
create new logr for prefix:  ElasticSearch: 
create new logr for prefix:  DB: 
PutITemINput :  {
  Item: {
    Value: {
      S: "4{PKey : { B : \"522b6d11-62ae-4e83-aa28-1e67faa892b8\" } }{E : {\n  S: \"S\"\n} }{Ty : {\n  S: \"m|P\"\n} }{SortK : {\n  S: \"m|A#A#:N\"\n} }"
    },
    Updated: {
      S: "2022-05-18 18:52:45.562515313 +1000 AEST"
    },
    Id: {
      B: <binary> len 16
    },
    Name: {
      S: "LastEvaluatedKey"
    }
  },
  ReturnConsumedCapacity: "INDEXES",
  TableName: "pgState"
}
create new logr for prefix:  ElasticSearch: 
create new logr for prefix:  DB: 
PutITemINput :  {
  Item: {
    Id: {
      B: <binary> len 16
    },
    Name: {
      S: "LastEvaluatedKey"
    },
    Value: {
      S: "4{E : {\n  S: \"S\"\n} }{Ty : {\n  S: \"m|P\"\n} }{SortK : {\n  S: \"m|A#A#:N\"\n} }{PKey : { B : \"9e3c838a-c48c-4238-a7b9-5c29ca9e476a\" } }"
    },
    Updated: {
      S: "2022-05-18 18:52:50.379958095 +1000 AEST"
    }
  },
  ReturnConsumedCapacity: "INDEXES",
  TableName: "pgState"
}
create new logr for prefix:  ElasticSearch: 
create new logr for prefix:  DB: 
create new logr for prefix:  ElasticSearch: 
create new logr for prefix:  grmgr: 
create new logr for prefix:  ElasticSearch: 
create new logr for prefix:  grmgr: 
create new logr for prefix:  ElasticSearch: 
create new logr for prefix:  DB: 
PutITemINput :  {
  Item: {
    Id: {
      B: <binary> len 16
    },
    Name: {
      S: "LastEvaluatedKey"
    },
    Value: {
      S: "4{PKey : { B : \"19d74c5e-c614-4b2e-8f11-c3e747814b6b\" } }{E : {\n  S: \"S\"\n} }{Ty : {\n  S: \"m|P\"\n} }{SortK : {\n  S: \"m|A#A#:N\"\n} }"
    },
    Updated: {
      S: "2022-05-18 18:52:55.176013132 +1000 AEST"
    }
  },
  ReturnConsumedCapacity: "INDEXES",
  TableName: "pgState"
}
create new logr for prefix:  ElasticSearch: 
create new logr for prefix:  DB: 
PutITemINput :  {
  Item: {
    Id: {
      B: <binary> len 16
    },
    Name: {
      S: "LastEvaluatedKey"
    },
    Value: {
      S: "4{SortK : {\n  S: \"m|A#A#:N\"\n} }{PKey : { B : \"8a969ce8-ec9d-4462-97ab-021b6aed4163\" } }{E : {\n  S: \"S\"\n} }{Ty : {\n  S: \"m|P\"\n} }"
    },
    Updated: {
      S: "2022-05-18 18:53:00.024317007 +1000 AEST"
    }
  },
  ReturnConsumedCapacity: "INDEXES",
  TableName: "pgState"
}
create new logr for prefix:  ElasticSearch: 
create new logr for prefix:  grmgr: 
create new logr for prefix:  ElasticSearch: 
create new logr for prefix:  DB: 
PutITemINput :  {
  Item: {
    Id: {
      B: <binary> len 16
    },
    Name: {
      S: "LastEvaluatedKey"
    },
    Value: {
      S: "4{PKey : { B : \"b1ad60d7-5cd5-4462-929d-615fad6b2f9d\" } }{E : {\n  S: \"S\"\n} }{Ty : {\n  S: \"m|P\"\n} }{SortK : {\n  S: \"m|A#A#:N\"\n} }"
    },
    Updated: {
      S: "2022-05-18 18:53:04.890019004 +1000 AEST"
    }
  },
  ReturnConsumedCapacity: "INDEXES",
  TableName: "pgState"
}
create new logr for prefix:  ElasticSearch: 
create new logr for prefix:  DB: 
PutITemINput :  {
  Item: {
    Id: {
      B: <binary> len 16
    },
    Name: {
      S: "LastEvaluatedKey"
    },
    Value: {
      S: "4{E : {\n  S: \"S\"\n} }{Ty : {\n  S: \"m|P\"\n} }{SortK : {\n  S: \"m|A#A#:N\"\n} }{PKey : { B : \"01ff96b7-0744-495d-9851-9938ef512478\" } }"
    },
    Updated: {
      S: "2022-05-18 18:53:09.75872184 +1000 AEST"
    }
  },
  ReturnConsumedCapacity: "INDEXES",
  TableName: "pgState"
}
create new logr for prefix:  ElasticSearch: 
create new logr for prefix:  DB: 
create new logr for prefix:  ElasticSearch: 
create new logr for prefix:  DB: 
PutITemINput :  {
  Item: {
    Value: {
      S: "4{Ty : {\n  S: \"m|P\"\n} }{SortK : {\n  S: \"m|A#A#:N\"\n} }{PKey : { B : \"061cdb71-98ae-44a4-89b4-f8c1648d3090\" } }{E : {\n  S: \"S\"\n} }"
    },
    Updated: {
      S: "2022-05-18 18:53:14.500066266 +1000 AEST"
    },
    Id: {
      B: <binary> len 16
    },
    Name: {
      S: "LastEvaluatedKey"
    }
  },
  ReturnConsumedCapacity: "INDEXES",
  TableName: "pgState"
}
create new logr for prefix:  ElasticSearch: 
create new logr for prefix:  grmgr: 
create new logr for prefix:  ElasticSearch: 
create new logr for prefix:  DB: 
PutITemINput :  {
  Item: {
    Id: {
      B: <binary> len 16
    },
    Name: {
      S: "LastEvaluatedKey"
    },
    Value: {
      S: "4{PKey : { B : \"aeea5b34-5b16-4dda-a86c-a987d95298b7\" } }{E : {\n  S: \"S\"\n} }{Ty : {\n  S: \"m|P\"\n} }{SortK : {\n  S: \"m|A#A#:N\"\n} }"
    },
    Updated: {
      S: "2022-05-18 18:53:19.370344663 +1000 AEST"
    }
  },
  ReturnConsumedCapacity: "INDEXES",
  TableName: "pgState"
}
create new logr for prefix:  ElasticSearch: 
create new logr for prefix:  DB: 
PutITemINput :  {
  Item: {
    Id: {
      B: <binary> len 16
    },
    Name: {
      S: "LastEvaluatedKey"
    },
    Value: {
      S: "4{Ty : {\n  S: \"m|P\"\n} }{SortK : {\n  S: \"m|A#A#:N\"\n} }{PKey : { B : \"ea2c2057-7f2d-4928-803c-22066b74c48e\" } }{E : {\n  S: \"S\"\n} }"
    },
    Updated: {
      S: "2022-05-18 18:53:24.112083715 +1000 AEST"
    }
  },
  ReturnConsumedCapacity: "INDEXES",
  TableName: "pgState"
}
create new logr for prefix:  ElasticSearch: 
create new logr for prefix:  grmgr: 
create new logr for prefix:  ElasticSearch: 
create new logr for prefix:  DB: 
PutITemINput :  {
  Item: {
    Name: {
      S: "LastEvaluatedKey"
    },
    Value: {
      S: "4{PKey : { B : \"f917c311-b46c-4647-b028-9cf0b9db5d3a\" } }{E : {\n  S: \"S\"\n} }{Ty : {\n  S: \"m|P\"\n} }{SortK : {\n  S: \"m|A#A#:N\"\n} }"
    },
    Updated: {
      S: "2022-05-18 18:53:28.785416574 +1000 AEST"
    },
    Id: {
      B: <binary> len 16
    }
  },
  ReturnConsumedCapacity: "INDEXES",
  TableName: "pgState"
}
create new logr for prefix:  ElasticSearch: 
create new logr for prefix:  DB: 
PutITemINput :  {
  Item: {
    Name: {
      S: "LastEvaluatedKey"
    },
    Value: {
      S: "4{SortK : {\n  S: \"m|A#A#:N\"\n} }{PKey : { B : \"321cf43d-d20d-4487-be64-e1068910ecd7\" } }{E : {\n  S: \"S\"\n} }{Ty : {\n  S: \"m|P\"\n} }"
    },
    Updated: {
      S: "2022-05-18 18:53:33.565750554 +1000 AEST"
    },
    Id: {
      B: <binary> len 16
    }
  },
  ReturnConsumedCapacity: "INDEXES",
  TableName: "pgState"
}
create new logr for prefix:  ElasticSearch: 
create new logr for prefix:  DB: 
create new logr for prefix:  ElasticSearch: 
create new logr for prefix:  grmgr: 
create new logr for prefix:  ElasticSearch: 
create new logr for prefix:  grmgr: 
create new logr for prefix:  ElasticSearch: 
create new logr for prefix:  DB: 
PutITemINput :  {
  Item: {
    Updated: {
      S: "2022-05-18 18:53:38.324315115 +1000 AEST"
    },
    Id: {
      B: <binary> len 16
    },
    Name: {
      S: "LastEvaluatedKey"
    },
    Value: {
      S: "4{PKey : { B : \"580b2237-63db-4a97-800c-616403036064\" } }{E : {\n  S: \"S\"\n} }{Ty : {\n  S: \"m|P\"\n} }{SortK : {\n  S: \"m|A#A#:N\"\n} }"
    }
  },
  ReturnConsumedCapacity: "INDEXES",
  TableName: "pgState"
}
create new logr for prefix:  ElasticSearch: 
create new logr for prefix:  DB: 
PutITemINput :  {
  Item: {
    Value: {
      S: "4{Ty : {\n  S: \"m|P\"\n} }{SortK : {\n  S: \"m|A#A#:N\"\n} }{PKey : { B : \"b52de117-b8dc-4718-8e3b-502061bf7072\" } }{E : {\n  S: \"S\"\n} }"
    },
    Updated: {
      S: "2022-05-18 18:53:43.148272329 +1000 AEST"
    },
    Id: {
      B: <binary> len 16
    },
    Name: {
      S: "LastEvaluatedKey"
    }
  },
  ReturnConsumedCapacity: "INDEXES",
  TableName: "pgState"
}
create new logr for prefix:  ElasticSearch: 
create new logr for prefix:  grmgr: 
create new logr for prefix:  ElasticSearch: 
create new logr for prefix:  grmgr: 
create new logr for prefix:  ElasticSearch: 
create new logr for prefix:  DB: 
PutITemINput :  {
  Item: {
    Id: {
      B: <binary> len 16
    },
    Name: {
      S: "LastEvaluatedKey"
    },
    Value: {
      S: "4{E : {\n  S: \"S\"\n} }{Ty : {\n  S: \"m|P\"\n} }{SortK : {\n  S: \"m|A#A#:N\"\n} }{PKey : { B : \"39932470-adea-4c23-914b-4b254bd08791\" } }"
    },
    Updated: {
      S: "2022-05-18 18:53:47.907418388 +1000 AEST"
    }
  },
  ReturnConsumedCapacity: "INDEXES",
  TableName: "pgState"
}
create new logr for prefix:  ElasticSearch: 
create new logr for prefix:  DB: 
PutITemINput :  {
  Item: {
    Id: {
      B: <binary> len 16
    },
    Name: {
      S: "LastEvaluatedKey"
    },
    Value: {
      S: "4{Ty : {\n  S: \"m|P\"\n} }{SortK : {\n  S: \"m|A#A#:N\"\n} }{PKey : { B : \"4d7177b2-118b-4571-bead-db1287c19e16\" } }{E : {\n  S: \"S\"\n} }"
    },
    Updated: {
      S: "2022-05-18 18:53:52.66793014 +1000 AEST"
    }
  },
  ReturnConsumedCapacity: "INDEXES",
  TableName: "pgState"
}
create new logr for prefix:  ElasticSearch: 
create new logr for prefix:  grmgr: 
create new logr for prefix:  ElasticSearch: 
create new logr for prefix:  DB: 
PutITemINput :  {
  Item: {
    Id: {
      B: <binary> len 16
    },
    Name: {
      S: "LastEvaluatedKey"
    },
    Value: {
      S: "4{PKey : { B : \"14f0d1ff-8c4c-4d67-8826-b96365b72286\" } }{E : {\n  S: \"S\"\n} }{Ty : {\n  S: \"m|P\"\n} }{SortK : {\n  S: \"m|A#A#:N\"\n} }"
    },
    Updated: {
      S: "2022-05-18 18:53:57.469163082 +1000 AEST"
    }
  },
  ReturnConsumedCapacity: "INDEXES",
  TableName: "pgState"
}
create new logr for prefix:  ElasticSearch: 
create new logr for prefix:  DB: 
PutITemINput :  {
  Item: {
    Id: {
      B: <binary> len 16
    },
    Name: {
      S: "LastEvaluatedKey"
    },
    Value: {
      S: "4{E : {\n  S: \"S\"\n} }{Ty : {\n  S: \"m|P\"\n} }{SortK : {\n  S: \"m|A#A#:N\"\n} }{PKey : { B : \"5f1c8e42-da22-4d41-a6dd-bd374aca8359\" } }"
    },
    Updated: {
      S: "2022-05-18 18:54:02.494624046 +1000 AEST"
    }
  },
  ReturnConsumedCapacity: "INDEXES",
  TableName: "pgState"
}
create new logr for prefix:  ElasticSearch: 
create new logr for prefix:  grmgr: 
create new logr for prefix:  ElasticSearch: 
create new logr for prefix:  DB: 
PutITemINput :  {
  Item: {
    Id: {
      B: <binary> len 16
    },
    Name: {
      S: "LastEvaluatedKey"
    },
    Value: {
      S: "4{PKey : { B : \"24d6ec62-a922-4da5-82dc-065f3f2f2f56\" } }{E : {\n  S: \"S\"\n} }{Ty : {\n  S: \"m|P\"\n} }{SortK : {\n  S: \"m|A#A#:N\"\n} }"
    },
    Updated: {
      S: "2022-05-18 18:54:07.46115102 +1000 AEST"
    }
  },
  ReturnConsumedCapacity: "INDEXES",
  TableName: "pgState"
}
create new logr for prefix:  ElasticSearch: 
create new logr for prefix:  DB: 
PutITemINput :  {
  Item: {
    Id: {
      B: <binary> len 16
    },
    Name: {
      S: "LastEvaluatedKey"
    },
    Value: {
      S: "4{PKey : { B : \"432da7a3-878a-4b80-ab5e-1996b3617c54\" } }{E : {\n  S: \"S\"\n} }{Ty : {\n  S: \"m|P\"\n} }{SortK : {\n  S: \"m|A#A#:N\"\n} }"
    },
    Updated: {
      S: "2022-05-18 18:54:12.247942249 +1000 AEST"
    }
  },
  ReturnConsumedCapacity: "INDEXES",
  TableName: "pgState"
}
create new logr for prefix:  ElasticSearch: 
create new logr for prefix:  grmgr: 
create new logr for prefix:  ElasticSearch: 
create new logr for prefix:  grmgr: 
create new logr for prefix:  ElasticSearch: 
create new logr for prefix:  DB: 
PutITemINput :  {
  Item: {
    Id: {
      B: <binary> len 16
    },
    Name: {
      S: "LastEvaluatedKey"
    },
    Value: {
      S: "4{E : {\n  S: \"S\"\n} }{Ty : {\n  S: \"m|P\"\n} }{SortK : {\n  S: \"m|A#A#:N\"\n} }{PKey : { B : \"0b2e2aac-8ccf-4449-800b-039f7c2b11bb\" } }"
    },
    Updated: {
      S: "2022-05-18 18:54:17.180371764 +1000 AEST"
    }
  },
  ReturnConsumedCapacity: "INDEXES",
  TableName: "pgState"
}
create new logr for prefix:  ElasticSearch: 
create new logr for prefix:  DB: 
PutITemINput :  {
  Item: {
    Name: {
      S: "LastEvaluatedKey"
    },
    Value: {
      S: "4{PKey : { B : \"39dea781-baca-44e9-829a-60426002fcf2\" } }{E : {\n  S: \"S\"\n} }{Ty : {\n  S: \"m|P\"\n} }{SortK : {\n  S: \"m|A#A#:N\"\n} }"
    },
    Updated: {
      S: "2022-05-18 18:54:22.046605291 +1000 AEST"
    },
    Id: {
      B: <binary> len 16
    }
  },
  ReturnConsumedCapacity: "INDEXES",
  TableName: "pgState"
}
create new logr for prefix:  ElasticSearch: 
create new logr for prefix:  grmgr: 
create new logr for prefix:  ElasticSearch: 
create new logr for prefix:  grmgr: 
create new logr for prefix:  ElasticSearch: 
create new logr for prefix:  DB: 
PutITemINput :  {
  Item: {
    Id: {
      B: <binary> len 16
    },
    Name: {
      S: "LastEvaluatedKey"
    },
    Value: {
      S: "4{Ty : {\n  S: \"m|P\"\n} }{SortK : {\n  S: \"m|A#A#:N\"\n} }{PKey : { B : \"4c92941c-444a-44c7-8600-9bbb299feafd\" } }{E : {\n  S: \"S\"\n} }"
    },
    Updated: {
      S: "2022-05-18 18:54:27.025418793 +1000 AEST"
    }
  },
  ReturnConsumedCapacity: "INDEXES",
  TableName: "pgState"
}
create new logr for prefix:  ElasticSearch: 
create new logr for prefix:  DB: 
PutITemINput :  {
  Item: {
    Value: {
      S: "4{Ty : {\n  S: \"m|P\"\n} }{SortK : {\n  S: \"m|A#A#:N\"\n} }{PKey : { B : \"6cf9d04e-fd9f-47b3-888c-4dcdee7d6bee\" } }{E : {\n  S: \"S\"\n} }"
    },
    Updated: {
      S: "2022-05-18 18:54:31.912026656 +1000 AEST"
    },
    Id: {
      B: <binary> len 16
    },
    Name: {
      S: "LastEvaluatedKey"
    }
  },
  ReturnConsumedCapacity: "INDEXES",
  TableName: "pgState"
}
create new logr for prefix:  ElasticSearch: 
create new logr for prefix:  grmgr: 
create new logr for prefix:  ElasticSearch: 
create new logr for prefix:  DB: 
PutITemINput :  {
  Item: {
    Id: {
      B: <binary> len 16
    },
    Name: {
      S: "LastEvaluatedKey"
    },
    Value: {
      S: "4{PKey : { B : \"ee30d344-e6b9-43cb-a460-4741482160e8\" } }{E : {\n  S: \"S\"\n} }{Ty : {\n  S: \"m|P\"\n} }{SortK : {\n  S: \"m|A#A#:N\"\n} }"
    },
    Updated: {
      S: "2022-05-18 18:54:36.7802111 +1000 AEST"
    }
  },
  ReturnConsumedCapacity: "INDEXES",
  TableName: "pgState"
}
create new logr for prefix:  ElasticSearch: 
create new logr for prefix:  DB: 
PutITemINput :  {
  Item: {
    Updated: {
      S: "2022-05-18 18:54:41.685417004 +1000 AEST"
    },
    Id: {
      B: <binary> len 16
    },
    Name: {
      S: "LastEvaluatedKey"
    },
    Value: {
      S: "4{E : {\n  S: \"S\"\n} }{Ty : {\n  S: \"m|P\"\n} }{SortK : {\n  S: \"m|A#A#:N\"\n} }{PKey : { B : \"55f621ee-1415-4de6-a893-b40c536a1026\" } }"
    }
  },
  ReturnConsumedCapacity: "INDEXES",
  TableName: "pgState"
}
create new logr for prefix:  ElasticSearch: 
create new logr for prefix:  grmgr: 
create new logr for prefix:  ElasticSearch: 
create new logr for prefix:  DB: 
PutITemINput :  {
  Item: {
    Id: {
      B: <binary> len 16
    },
    Name: {
      S: "LastEvaluatedKey"
    },
    Value: {
      S: "4{E : {\n  S: \"S\"\n} }{Ty : {\n  S: \"m|P\"\n} }{SortK : {\n  S: \"m|A#A#:N\"\n} }{PKey : { B : \"9c5d2a97-a9af-4233-843d-608b006d2a53\" } }"
    },
    Updated: {
      S: "2022-05-18 18:54:46.50716526 +1000 AEST"
    }
  },
  ReturnConsumedCapacity: "INDEXES",
  TableName: "pgState"
}
create new logr for prefix:  ElasticSearch: 
create new logr for prefix:  DB: 
PutITemINput :  {
  Item: {
    Name: {
      S: "LastEvaluatedKey"
    },
    Value: {
      S: "4{PKey : { B : \"9cd49d7e-1ca0-4e2d-a7c0-5e3d454ac702\" } }{E : {\n  S: \"S\"\n} }{Ty : {\n  S: \"m|P\"\n} }{SortK : {\n  S: \"m|A#A#:N\"\n} }"
    },
    Updated: {
      S: "2022-05-18 18:54:51.239941563 +1000 AEST"
    },
    Id: {
      B: <binary> len 16
    }
  },
  ReturnConsumedCapacity: "INDEXES",
  TableName: "pgState"
}
create new logr for prefix:  ElasticSearch: 
create new logr for prefix:  grmgr: 
create new logr for prefix:  ElasticSearch: 
create new logr for prefix:  DB: 
PutITemINput :  {
  Item: {
    Id: {
      B: <binary> len 16
    },
    Name: {
      S: "LastEvaluatedKey"
    },
    Value: {
      S: "4{E : {\n  S: \"S\"\n} }{Ty : {\n  S: \"m|P\"\n} }{SortK : {\n  S: \"m|A#A#:N\"\n} }{PKey : { B : \"1f6bcfab-5ae0-4d7d-a30b-d6ed328c3230\" } }"
    },
    Updated: {
      S: "2022-05-18 18:54:56.109131299 +1000 AEST"
    }
  },
  ReturnConsumedCapacity: "INDEXES",
  TableName: "pgState"
}
create new logr for prefix:  ElasticSearch: 
create new logr for prefix:  DB: 
PutITemINput :  {
  Item: {
    Id: {
      B: <binary> len 16
    },
    Name: {
      S: "LastEvaluatedKey"
    },
    Value: {
      S: "4{E : {\n  S: \"S\"\n} }{Ty : {\n  S: \"m|P\"\n} }{SortK : {\n  S: \"m|A#A#:N\"\n} }{PKey : { B : \"7cf34aca-3ae7-45c7-9032-e34d31c1c21a\" } }"
    },
    Updated: {
      S: "2022-05-18 18:55:00.954450522 +1000 AEST"
    }
  },
  ReturnConsumedCapacity: "INDEXES",
  TableName: "pgState"
}
create new logr for prefix:  ElasticSearch: 
create new logr for prefix:  grmgr: 
create new logr for prefix:  ElasticSearch: 
create new logr for prefix:  grmgr: 
create new logr for prefix:  ElasticSearch: 
create new logr for prefix:  DB: 
PutITemINput :  {
  Item: {
    Id: {
      B: <binary> len 16
    },
    Name: {
      S: "LastEvaluatedKey"
    },
    Value: {
      S: "4{PKey : { B : \"6ae5b9a4-a7ea-4c91-b4a7-dd4cec3e3885\" } }{E : {\n  S: \"S\"\n} }{Ty : {\n  S: \"m|P\"\n} }{SortK : {\n  S: \"m|A#A#:N\"\n} }"
    },
    Updated: {
      S: "2022-05-18 18:55:06.034050648 +1000 AEST"
    }
  },
  ReturnConsumedCapacity: "INDEXES",
  TableName: "pgState"
}
create new logr for prefix:  ElasticSearch: 
create new logr for prefix:  DB: 
PutITemINput :  {
  Item: {
    Updated: {
      S: "2022-05-18 18:55:10.968044775 +1000 AEST"
    },
    Id: {
      B: <binary> len 16
    },
    Name: {
      S: "LastEvaluatedKey"
    },
    Value: {
      S: "4{E : {\n  S: \"S\"\n} }{Ty : {\n  S: \"m|P\"\n} }{SortK : {\n  S: \"m|A#A#:N\"\n} }{PKey : { B : \"c3dc5d84-73bb-4328-8c83-2cacdd990801\" } }"
    }
  },
  ReturnConsumedCapacity: "INDEXES",
  TableName: "pgState"
}
create new logr for prefix:  ElasticSearch: 
create new logr for prefix:  grmgr: 
create new logr for prefix:  ElasticSearch: 
create new logr for prefix:  DB: 
PutITemINput :  {
  Item: {
    Updated: {
      S: "2022-05-18 18:55:15.974335766 +1000 AEST"
    },
    Id: {
      B: <binary> len 16
    },
    Name: {
      S: "LastEvaluatedKey"
    },
    Value: {
      S: "4{PKey : { B : \"025c170b-a188-41d4-9b9e-6d7760ff3ba1\" } }{E : {\n  S: \"S\"\n} }{Ty : {\n  S: \"m|P\"\n} }{SortK : {\n  S: \"m|A#A#:N\"\n} }"
    }
  },
  ReturnConsumedCapacity: "INDEXES",
  TableName: "pgState"
}
create new logr for prefix:  ElasticSearch: 
create new logr for prefix:  DB: 
PutITemINput :  {
  Item: {
    Id: {
      B: <binary> len 16
    },
    Name: {
      S: "LastEvaluatedKey"
    },
    Value: {
      S: "4{SortK : {\n  S: \"m|A#A#:N\"\n} }{PKey : { B : \"1141d133-f829-45d5-a44d-cf169033ee4e\" } }{E : {\n  S: \"S\"\n} }{Ty : {\n  S: \"m|P\"\n} }"
    },
    Updated: {
      S: "2022-05-18 18:55:21.000223682 +1000 AEST"
    }
  },
  ReturnConsumedCapacity: "INDEXES",
  TableName: "pgState"
}
create new logr for prefix:  ElasticSearch: 
create new logr for prefix:  DB: 
create new logr for prefix:  ElasticSearch: 
create new logr for prefix:  grmgr: 
create new logr for prefix:  ElasticSearch: 
create new logr for prefix:  DB: 
PutITemINput :  {
  Item: {
    Value: {
      S: "4{PKey : { B : \"04024807-cf9a-4509-a812-779a37f2a669\" } }{E : {\n  S: \"S\"\n} }{Ty : {\n  S: \"m|P\"\n} }{SortK : {\n  S: \"m|A#A#:N\"\n} }"
    },
    Updated: {
      S: "2022-05-18 18:55:25.909571314 +1000 AEST"
    },
    Id: {
      B: <binary> len 16
    },
    Name: {
      S: "LastEvaluatedKey"
    }
  },
  ReturnConsumedCapacity: "INDEXES",
  TableName: "pgState"
}
create new logr for prefix:  ElasticSearch: 
create new logr for prefix:  DB: 
PutITemINput :  {
  Item: {
    Updated: {
      S: "2022-05-18 18:55:30.771709577 +1000 AEST"
    },
    Id: {
      B: <binary> len 16
    },
    Name: {
      S: "LastEvaluatedKey"
    },
    Value: {
      S: "4{PKey : { B : \"7d3383b7-b5a7-4503-9987-600423740384\" } }{E : {\n  S: \"S\"\n} }{Ty : {\n  S: \"m|P\"\n} }{SortK : {\n  S: \"m|A#A#:N\"\n} }"
    }
  },
  ReturnConsumedCapacity: "INDEXES",
  TableName: "pgState"
}
create new logr for prefix:  ElasticSearch: 
create new logr for prefix:  grmgr: 
create new logr for prefix:  ElasticSearch: 
create new logr for prefix:  grmgr: 
create new logr for prefix:  ElasticSearch: 
create new logr for prefix:  DB: 
PutITemINput :  {
  Item: {
    Id: {
      B: <binary> len 16
    },
    Name: {
      S: "LastEvaluatedKey"
    },
    Value: {
      S: "4{PKey : { B : \"0d18a606-e71a-496a-8b68-b378f711084a\" } }{E : {\n  S: \"S\"\n} }{Ty : {\n  S: \"m|P\"\n} }{SortK : {\n  S: \"m|A#A#:N\"\n} }"
    },
    Updated: {
      S: "2022-05-18 18:55:35.73594159 +1000 AEST"
    }
  },
  ReturnConsumedCapacity: "INDEXES",
  TableName: "pgState"
}
create new logr for prefix:  ElasticSearch: 
create new logr for prefix:  DB: 
create new logr for prefix:  ElasticSearch: 
create new logr for prefix:  DB: 
PutITemINput :  {
  Item: {
    Updated: {
      S: "2022-05-18 18:55:40.777806598 +1000 AEST"
    },
    Id: {
      B: <binary> len 16
    },
    Name: {
      S: "LastEvaluatedKey"
    },
    Value: {
      S: "4{SortK : {\n  S: \"m|A#A#:N\"\n} }{PKey : { B : \"63867b93-5954-41ba-9de9-4e9266dd1a7a\" } }{E : {\n  S: \"S\"\n} }{Ty : {\n  S: \"m|P\"\n} }"
    }
  },
  ReturnConsumedCapacity: "INDEXES",
  TableName: "pgState"
}
create new logr for prefix:  ElasticSearch: 
create new logr for prefix:  DB: 
create new logr for prefix:  ElasticSearch: 
create new logr for prefix:  grmgr: 
create new logr for prefix:  ElasticSearch: 
create new logr for prefix:  DB: 
PutITemINput :  {
  Item: {
    Id: {
      B: <binary> len 16
    },
    Name: {
      S: "LastEvaluatedKey"
    },
    Value: {
      S: "4{PKey : { B : \"43a2858d-122e-4555-8767-8868c50419a3\" } }{E : {\n  S: \"S\"\n} }{Ty : {\n  S: \"m|P\"\n} }{SortK : {\n  S: \"m|A#A#:N\"\n} }"
    },
    Updated: {
      S: "2022-05-18 18:55:45.72780784 +1000 AEST"
    }
  },
  ReturnConsumedCapacity: "INDEXES",
  TableName: "pgState"
}
create new logr for prefix:  ElasticSearch: 
create new logr for prefix:  DB: 
PutITemINput :  {
  Item: {
    Value: {
      S: "4{SortK : {\n  S: \"m|A#A#:N\"\n} }{PKey : { B : \"89159c2b-d050-4841-97dc-8c8ad3d2c1fd\" } }{E : {\n  S: \"S\"\n} }{Ty : {\n  S: \"m|P\"\n} }"
    },
    Updated: {
      S: "2022-05-18 18:55:50.645533485 +1000 AEST"
    },
    Id: {
      B: <binary> len 16
    },
    Name: {
      S: "LastEvaluatedKey"
    }
  },
  ReturnConsumedCapacity: "INDEXES",
  TableName: "pgState"
}
create new logr for prefix:  ElasticSearch: 
create new logr for prefix:  grmgr: 
create new logr for prefix:  ElasticSearch: 
create new logr for prefix:  grmgr: 
create new logr for prefix:  ElasticSearch: 
create new logr for prefix:  DB: 
PutITemINput :  {
  Item: {
    Updated: {
      S: "2022-05-18 18:55:55.698558895 +1000 AEST"
    },
    Id: {
      B: <binary> len 16
    },
    Name: {
      S: "LastEvaluatedKey"
    },
    Value: {
      S: "4{PKey : { B : \"044a4321-52d9-4319-aea8-197cd366aef0\" } }{E : {\n  S: \"S\"\n} }{Ty : {\n  S: \"m|P\"\n} }{SortK : {\n  S: \"m|A#A#:N\"\n} }"
    }
  },
  ReturnConsumedCapacity: "INDEXES",
  TableName: "pgState"
}
create new logr for prefix:  ElasticSearch: 
create new logr for prefix:  DB: 
PutITemINput :  {
  Item: {
    Id: {
      B: <binary> len 16
    },
    Name: {
      S: "LastEvaluatedKey"
    },
    Value: {
      S: "4{E : {\n  S: \"S\"\n} }{Ty : {\n  S: \"m|P\"\n} }{SortK : {\n  S: \"m|A#A#:N\"\n} }{PKey : { B : \"d9732dfd-2089-4f4c-a4a8-52e98ea73a18\" } }"
    },
    Updated: {
      S: "2022-05-18 18:56:00.718906331 +1000 AEST"
    }
  },
  ReturnConsumedCapacity: "INDEXES",
  TableName: "pgState"
}
create new logr for prefix:  ElasticSearch: 
create new logr for prefix:  grmgr: 
create new logr for prefix:  ElasticSearch: 
create new logr for prefix:  DB: 
PutITemINput :  {
  Item: {
    Id: {
      B: <binary> len 16
    },
    Name: {
      S: "LastEvaluatedKey"
    },
    Value: {
      S: "4{E : {\n  S: \"S\"\n} }{Ty : {\n  S: \"m|P\"\n} }{SortK : {\n  S: \"m|A#A#:N\"\n} }{PKey : { B : \"64397645-3101-4a89-816d-7e8e144de24e\" } }"
    },
    Updated: {
      S: "2022-05-18 18:56:06.049342074 +1000 AEST"
    }
  },
  ReturnConsumedCapacity: "INDEXES",
  TableName: "pgState"
}
create new logr for prefix:  ElasticSearch: 
create new logr for prefix:  DB: 
PutITemINput :  {
  Item: {
    Id: {
      B: <binary> len 16
    },
    Name: {
      S: "LastEvaluatedKey"
    },
    Value: {
      S: "4{PKey : { B : \"2488ee30-5ba7-4024-9c49-20b3809d0859\" } }{E : {\n  S: \"S\"\n} }{Ty : {\n  S: \"m|P\"\n} }{SortK : {\n  S: \"m|A#A#:N\"\n} }"
    },
    Updated: {
      S: "2022-05-18 18:56:11.052431452 +1000 AEST"
    }
  },
  ReturnConsumedCapacity: "INDEXES",
  TableName: "pgState"
}
create new logr for prefix:  ElasticSearch: 
create new logr for prefix:  grmgr: 
create new logr for prefix:  ElasticSearch: 
create new logr for prefix:  DB: 
PutITemINput :  {
  Item: {
    Id: {
      B: <binary> len 16
    },
    Name: {
      S: "LastEvaluatedKey"
    },
    Value: {
      S: "4{PKey : { B : \"c58df7d5-e96e-415a-bfe8-34353def63d8\" } }{E : {\n  S: \"S\"\n} }{Ty : {\n  S: \"m|P\"\n} }{SortK : {\n  S: \"m|A#A#:N\"\n} }"
    },
    Updated: {
      S: "2022-05-18 18:56:15.956757995 +1000 AEST"
    }
  },
  ReturnConsumedCapacity: "INDEXES",
  TableName: "pgState"
}
create new logr for prefix:  ElasticSearch: 
create new logr for prefix:  DB: 
PutITemINput :  {
  Item: {
    Updated: {
      S: "2022-05-18 18:56:20.965976898 +1000 AEST"
    },
    Id: {
      B: <binary> len 16
    },
    Name: {
      S: "LastEvaluatedKey"
    },
    Value: {
      S: "4{Ty : {\n  S: \"m|P\"\n} }{SortK : {\n  S: \"m|A#A#:N\"\n} }{PKey : { B : \"2b146384-0b1b-4c41-ac1d-c6f015348b77\" } }{E : {\n  S: \"S\"\n} }"
    }
  },
  ReturnConsumedCapacity: "INDEXES",
  TableName: "pgState"
}
create new logr for prefix:  ElasticSearch: 
create new logr for prefix:  grmgr: 
create new logr for prefix:  ElasticSearch: 
create new logr for prefix:  DB: 
PutITemINput :  {
  Item: {
    Id: {
      B: <binary> len 16
    },
    Name: {
      S: "LastEvaluatedKey"
    },
    Value: {
      S: "4{PKey : { B : \"2f6120e7-eb86-4b1f-a90f-6bb2fef0545f\" } }{E : {\n  S: \"S\"\n} }{Ty : {\n  S: \"m|P\"\n} }{SortK : {\n  S: \"m|A#A#:N\"\n} }"
    },
    Updated: {
      S: "2022-05-18 18:56:25.891693639 +1000 AEST"
    }
  },
  ReturnConsumedCapacity: "INDEXES",
  TableName: "pgState"
}
create new logr for prefix:  ElasticSearch: 
create new logr for prefix:  DB: 
PutITemINput :  {
  Item: {
    Id: {
      B: <binary> len 16
    },
    Name: {
      S: "LastEvaluatedKey"
    },
    Value: {
      S: "4{Ty : {\n  S: \"m|P\"\n} }{SortK : {\n  S: \"m|A#A#:N\"\n} }{PKey : { B : \"439905be-ee5c-4bbd-82cc-8a414dac9def\" } }{E : {\n  S: \"S\"\n} }"
    },
    Updated: {
      S: "2022-05-18 18:56:30.89166033 +1000 AEST"
    }
  },
  ReturnConsumedCapacity: "INDEXES",
  TableName: "pgState"
}
create new logr for prefix:  ElasticSearch: 
create new logr for prefix:  grmgr: 
create new logr for prefix:  ElasticSearch: 
create new logr for prefix:  grmgr: 
create new logr for prefix:  ElasticSearch: 
create new logr for prefix:  DB: 
PutITemINput :  {
  Item: {
    Updated: {
      S: "2022-05-18 18:56:35.868416271 +1000 AEST"
    },
    Id: {
      B: <binary> len 16
    },
    Name: {
      S: "LastEvaluatedKey"
    },
    Value: {
      S: "4{SortK : {\n  S: \"m|A#A#:N\"\n} }{PKey : { B : \"55bba516-3d2e-4ce9-9e89-cf74ae0de733\" } }{E : {\n  S: \"S\"\n} }{Ty : {\n  S: \"m|P\"\n} }"
    }
  },
  ReturnConsumedCapacity: "INDEXES",
  TableName: "pgState"
}
create new logr for prefix:  ElasticSearch: 
create new logr for prefix:  DB: 
PutITemINput :  {
  Item: {
    Id: {
      B: <binary> len 16
    },
    Name: {
      S: "LastEvaluatedKey"
    },
    Value: {
      S: "4{Ty : {\n  S: \"m|P\"\n} }{SortK : {\n  S: \"m|A#A#:N\"\n} }{PKey : { B : \"51333999-5aea-4dae-8192-f7e028f68e0a\" } }{E : {\n  S: \"S\"\n} }"
    },
    Updated: {
      S: "2022-05-18 18:56:40.811921528 +1000 AEST"
    }
  },
  ReturnConsumedCapacity: "INDEXES",
  TableName: "pgState"
}
create new logr for prefix:  ElasticSearch: 
create new logr for prefix:  grmgr: 
create new logr for prefix:  ElasticSearch: 
create new logr for prefix:  DB: 
PutITemINput :  {
  Item: {
    Id: {
      B: <binary> len 16
    },
    Name: {
      S: "LastEvaluatedKey"
    },
    Value: {
      S: "4{E : {\n  S: \"S\"\n} }{Ty : {\n  S: \"m|P\"\n} }{SortK : {\n  S: \"m|A#A#:N\"\n} }{PKey : { B : \"19b405de-9296-4950-b6a7-ce8e321d74be\" } }"
    },
    Updated: {
      S: "2022-05-18 18:56:46.017262287 +1000 AEST"
    }
  },
  ReturnConsumedCapacity: "INDEXES",
  TableName: "pgState"
}
create new logr for prefix:  ElasticSearch: 
create new logr for prefix:  DB: 
PutITemINput :  {
  Item: {
    Id: {
      B: <binary> len 16
    },
    Name: {
      S: "LastEvaluatedKey"
    },
    Value: {
      S: "4{SortK : {\n  S: \"m|A#A#:N\"\n} }{PKey : { B : \"49d79545-892b-4024-abe9-5a18f55c6ac7\" } }{E : {\n  S: \"S\"\n} }{Ty : {\n  S: \"m|P\"\n} }"
    },
    Updated: {
      S: "2022-05-18 18:56:50.133822667 +1000 AEST"
    }
  },
  ReturnConsumedCapacity: "INDEXES",
  TableName: "pgState"
}
create new logr for prefix:  ElasticSearch: 
create new logr for prefix:  DB: 
PutITemINput :  {
  Item: {
    Id: {
      B: <binary> len 16
    },
    Name: {
      S: "LastEvaluatedKey"
    },
    Value: {
      S: "4{PKey : { B : \"5284dfbf-f2a3-4fb2-919e-740a054f088d\" } }{E : {\n  S: \"S\"\n} }{Ty : {\n  S: \"m|P\"\n} }{SortK : {\n  S: \"m|A#A#:N\"\n} }"
    },
    Updated: {
      S: "2022-05-18 18:56:53.747207467 +1000 AEST"
    }
  },
  ReturnConsumedCapacity: "INDEXES",
  TableName: "pgState"
}
create new logr for prefix:  ElasticSearch: 
create new logr for prefix:  grmgr: 
create new logr for prefix:  ElasticSearch: 
create new logr for prefix:  grmgr: 
create new logr for prefix:  ElasticSearch: 
create new logr for prefix:  DB: 
PutITemINput :  {
  Item: {
    Id: {
      B: <binary> len 16
    },
    Name: {
      S: "LastEvaluatedKey"
    },
    Value: {
      S: "4{PKey : { B : \"fe988abd-e2c4-4b5b-a3bc-80458292d966\" } }{E : {\n  S: \"S\"\n} }{Ty : {\n  S: \"m|P\"\n} }{SortK : {\n  S: \"m|A#A#:N\"\n} }"
    },
    Updated: {
      S: "2022-05-18 18:56:57.48833373 +1000 AEST"
    }
  },
  ReturnConsumedCapacity: "INDEXES",
  TableName: "pgState"
}
create new logr for prefix:  ElasticSearch: 
create new logr for prefix:  DB: 
PutITemINput :  {
  Item: {
    Name: {
      S: "LastEvaluatedKey"
    },
    Value: {
      S: "4{PKey : { B : \"82775aba-f723-497f-b34c-d7f24359c579\" } }{E : {\n  S: \"S\"\n} }{Ty : {\n  S: \"m|P\"\n} }{SortK : {\n  S: \"m|A#A#:N\"\n} }"
    },
    Updated: {
      S: "2022-05-18 18:57:01.432423969 +1000 AEST"
    },
    Id: {
      B: <binary> len 16
    }
  },
  ReturnConsumedCapacity: "INDEXES",
  TableName: "pgState"
}
create new logr for prefix:  ElasticSearch: 
create new logr for prefix:  grmgr: 
create new logr for prefix:  ElasticSearch: 
create new logr for prefix:  grmgr: 
create new logr for prefix:  ElasticSearch: 
create new logr for prefix:  DB: 
PutITemINput :  {
  Item: {
    Id: {
      B: <binary> len 16
    },
    Name: {
      S: "LastEvaluatedKey"
    },
    Value: {
      S: "4{Ty : {\n  S: \"m|P\"\n} }{SortK : {\n  S: \"m|A#A#:N\"\n} }{PKey : { B : \"97577118-486b-4add-aa34-70b06ca8d067\" } }{E : {\n  S: \"S\"\n} }"
    },
    Updated: {
      S: "2022-05-18 18:57:05.645057711 +1000 AEST"
    }
  },
  ReturnConsumedCapacity: "INDEXES",
  TableName: "pgState"
}
create new logr for prefix:  ElasticSearch: 
create new logr for prefix:  DB: 
PutITemINput :  {
  Item: {
    Id: {
      B: <binary> len 16
    },
    Name: {
      S: "LastEvaluatedKey"
    },
    Value: {
      S: "4{E : {\n  S: \"S\"\n} }{Ty : {\n  S: \"m|P\"\n} }{SortK : {\n  S: \"m|A#A#:N\"\n} }{PKey : { B : \"ef78f72d-7c53-4a74-96c1-bcda6c9cb760\" } }"
    },
    Updated: {
      S: "2022-05-18 18:57:09.833358536 +1000 AEST"
    }
  },
  ReturnConsumedCapacity: "INDEXES",
  TableName: "pgState"
}
create new logr for prefix:  ElasticSearch: 
create new logr for prefix:  DB: 
PutITemINput :  {
  Item: {
    Id: {
      B: <binary> len 16
    },
    Name: {
      S: "LastEvaluatedKey"
    },
    Value: {
      S: "4{E : {\n  S: \"S\"\n} }{Ty : {\n  S: \"m|P\"\n} }{SortK : {\n  S: \"m|A#A#:N\"\n} }{PKey : { B : \"45c0021c-dda9-4ebd-92ab-bd00c8ea5e31\" } }"
    },
    Updated: {
      S: "2022-05-18 18:57:14.140484044 +1000 AEST"
    }
  },
  ReturnConsumedCapacity: "INDEXES",
  TableName: "pgState"
}
create new logr for prefix:  ElasticSearch: 
create new logr for prefix:  grmgr: 
create new logr for prefix:  ElasticSearch: 
create new logr for prefix:  DB: 
PutITemINput :  {
  Item: {
    Id: {
      B: <binary> len 16
    },
    Name: {
      S: "LastEvaluatedKey"
    },
    Value: {
      S: "4{PKey : { B : \"3966f59c-148c-4872-920b-03aef3640aac\" } }{E : {\n  S: \"S\"\n} }{Ty : {\n  S: \"m|P\"\n} }{SortK : {\n  S: \"m|A#A#:N\"\n} }"
    },
    Updated: {
      S: "2022-05-18 18:57:18.559649212 +1000 AEST"
    }
  },
  ReturnConsumedCapacity: "INDEXES",
  TableName: "pgState"
}
create new logr for prefix:  ElasticSearch: 
create new logr for prefix:  DB: 
create new logr for prefix:  ElasticSearch: 
create new logr for prefix:  DB: 
PutITemINput :  {
  Item: {
    Id: {
      B: <binary> len 16
    },
    Name: {
      S: "LastEvaluatedKey"
    },
    Value: {
      S: "4{PKey : { B : \"d7e164a1-f17e-4673-9d8a-834520cdd3bd\" } }{E : {\n  S: \"S\"\n} }{Ty : {\n  S: \"m|P\"\n} }{SortK : {\n  S: \"m|A#A#:N\"\n} }"
    },
    Updated: {
      S: "2022-05-18 18:57:23.055545063 +1000 AEST"
    }
  },
  ReturnConsumedCapacity: "INDEXES",
  TableName: "pgState"
}
create new logr for prefix:  ElasticSearch: 
create new logr for prefix:  grmgr: 
create new logr for prefix:  ElasticSearch: 
create new logr for prefix:  grmgr: 
create new logr for prefix:  ElasticSearch: 
create new logr for prefix:  DB: 
PutITemINput :  {
  Item: {
    Name: {
      S: "LastEvaluatedKey"
    },
    Value: {
      S: "4{E : {\n  S: \"S\"\n} }{Ty : {\n  S: \"m|P\"\n} }{SortK : {\n  S: \"m|A#A#:N\"\n} }{PKey : { B : \"83f1a26f-3ab0-4064-99d1-5c59b970e032\" } }"
    },
    Updated: {
      S: "2022-05-18 18:57:27.686197877 +1000 AEST"
    },
    Id: {
      B: <binary> len 16
    }
  },
  ReturnConsumedCapacity: "INDEXES",
  TableName: "pgState"
}
create new logr for prefix:  ElasticSearch: 
create new logr for prefix:  DB: 
PutITemINput :  {
  Item: {
    Name: {
      S: "LastEvaluatedKey"
    },
    Value: {
      S: "4{Ty : {\n  S: \"m|P\"\n} }{SortK : {\n  S: \"m|A#A#:N\"\n} }{PKey : { B : \"d0d5ab25-0c57-494c-a81b-01ed83373e76\" } }{E : {\n  S: \"S\"\n} }"
    },
    Updated: {
      S: "2022-05-18 18:57:32.476820423 +1000 AEST"
    },
    Id: {
      B: <binary> len 16
    }
  },
  ReturnConsumedCapacity: "INDEXES",
  TableName: "pgState"
}
create new logr for prefix:  ElasticSearch: 
create new logr for prefix:  grmgr: 
create new logr for prefix:  ElasticSearch: 
create new logr for prefix:  DB: 
PutITemINput :  {
  Item: {
    Updated: {
      S: "2022-05-18 18:57:36.813160785 +1000 AEST"
    },
    Id: {
      B: <binary> len 16
    },
    Name: {
      S: "LastEvaluatedKey"
    },
    Value: {
      S: "4{SortK : {\n  S: \"m|A#A#:N\"\n} }{PKey : { B : \"301b825d-cbad-4bc8-8aed-ccd66508814c\" } }{E : {\n  S: \"S\"\n} }{Ty : {\n  S: \"m|P\"\n} }"
    }
  },
  ReturnConsumedCapacity: "INDEXES",
  TableName: "pgState"
}
create new logr for prefix:  ElasticSearch: 
create new logr for prefix:  DB: 
PutITemINput :  {
  Item: {
    Id: {
      B: <binary> len 16
    },
    Name: {
      S: "LastEvaluatedKey"
    },
    Value: {
      S: "4{Ty : {\n  S: \"m|P\"\n} }{SortK : {\n  S: \"m|A#A#:N\"\n} }{PKey : { B : \"a6f2a7b9-8a85-4541-85b8-95c3fce4334c\" } }{E : {\n  S: \"S\"\n} }"
    },
    Updated: {
      S: "2022-05-18 18:57:41.074844282 +1000 AEST"
    }
  },
  ReturnConsumedCapacity: "INDEXES",
  TableName: "pgState"
}
create new logr for prefix:  ElasticSearch: 
create new logr for prefix:  grmgr: 
create new logr for prefix:  ElasticSearch: 
create new logr for prefix:  grmgr: 
create new logr for prefix:  ElasticSearch: 
create new logr for prefix:  DB: 
PutITemINput :  {
  Item: {
    Id: {
      B: <binary> len 16
    },
    Name: {
      S: "LastEvaluatedKey"
    },
    Value: {
      S: "4{PKey : { B : \"d6c5f256-1165-44fa-87ff-b49952fae240\" } }{E : {\n  S: \"S\"\n} }{Ty : {\n  S: \"m|P\"\n} }{SortK : {\n  S: \"m|A#A#:N\"\n} }"
    },
    Updated: {
      S: "2022-05-18 18:57:45.452927139 +1000 AEST"
    }
  },
  ReturnConsumedCapacity: "INDEXES",
  TableName: "pgState"
}
create new logr for prefix:  ElasticSearch: 
create new logr for prefix:  mysql
create new logr for prefix:  ElasticSearch: 
 ==================== ERRORS : 0	==============
create new logr for prefix:  errlog: 
create new logr for prefix:  main:
create new logr for prefix:  grmgr: 
create new logr for prefix:  ElasticSearch: 
