Argument: table: GoGraph.sdk2.test-r1
Argument: batch size: 400
Argument: stats: 0
Argument: env: prd
Argument: debug: 
Argument: concurrent: 4
Argument: showsql: 0
Argument: graph: Movies
Argument: reduced logging: 1
Region =  us-east-1
create new alert logr for prefix:  DB
*** create new logr for prefix: [DB]
create new alert logr for prefix:  dbThrottle
*** create new logr for prefix: [dbThrottle]
*** create new logr for prefix: [main]
create new alert logr for prefix:  monitor
*** create new logr for prefix: [monitor]
create new alert logr for prefix:  grmgr
*** create new logr for prefix: [grmgr]
create new alert logr for prefix:  errlog
*** create new logr for prefix: [errlog]
create new alert logr for prefix:  main
*** create new logr for prefix: [main]
create new alert logr for prefix:  dbadmin
*** create new logr for prefix: [dbadmin]
create new alert logr for prefix:  FetchOvflBatch
*** create new logr for prefix: [FetchOvflBatch]
 ==================== ERRORS : 0	==============
============= Operation Stats ================
capByTX     internal-state:  
 Consumed Capacity: 
Table: [pgState]
CapacityUnits: Min: 1, Max: 1  Cnt: 388  Sum: 388  Avg: 1

ReadCapacityUnits: 
WriteCapacityUnits: 
Table:
       pgState
           Capacity: Min: 1, Max: 1  Cnt: 388  Sum: 388  Avg: 1
 
 
Table:  [pgState]
Items:  map[]
Scanned:  map[]
============= Operation Stats ================
capByTX     GraphName:  
 Consumed Capacity: 
Table: [GoGraphSS]
CapacityUnits: Min: 1, Max: 1  Cnt: 1  Sum: 1  Avg: 1

ReadCapacityUnits: 
WriteCapacityUnits: 
Table:
       GoGraphSS
           Capacity: Min: 1, Max: 1  Cnt: 1  Sum: 1  Avg: 1
 
  Retrieved      GoGraphSS
     Min: 1, Max: 1  Cnt: 1  Sum: 1  Avg: 1
 
 Scanned      GoGraphSS
     Min: 1, Max: 1  Cnt: 1  Sum: 1  Avg: 1
 

Table:  [GoGraphSS]
Items:  map[GoGraphSS:Min: 1, Max: 1  Cnt: 1  Sum: 1  Avg: 1
]
Scanned:  map[GoGraphSS:Min: 1, Max: 1  Cnt: 1  Sum: 1  Avg: 1
]
============= Operation Stats ================
capByTX     TyShortNames:  
 Consumed Capacity: 
Table: [GoGraphSS]
CapacityUnits: Min: 1, Max: 1  Cnt: 1  Sum: 1  Avg: 1

ReadCapacityUnits: 
WriteCapacityUnits: 
Table:
       GoGraphSS
           Capacity: Min: 1, Max: 1  Cnt: 1  Sum: 1  Avg: 1
 
  Retrieved      GoGraphSS
     Min: 5, Max: 5  Cnt: 1  Sum: 5  Avg: 5
 
 Scanned      GoGraphSS
     Min: 5, Max: 5  Cnt: 1  Sum: 5  Avg: 5
 

Table:  [GoGraphSS]
Items:  map[GoGraphSS:Min: 5, Max: 5  Cnt: 1  Sum: 5  Avg: 5
]
Scanned:  map[GoGraphSS:Min: 5, Max: 5  Cnt: 1  Sum: 5  Avg: 5
]
============= Operation Stats ================
capByTX     LoadDataDictionary:  
 Consumed Capacity: 
Table: [GoGraphSS]
CapacityUnits: Min: 1, Max: 1  Cnt: 1  Sum: 1  Avg: 1

ReadCapacityUnits: 
WriteCapacityUnits: 
Table:
       GoGraphSS
           Capacity: Min: 1, Max: 1  Cnt: 1  Sum: 1  Avg: 1
 
  Retrieved      GoGraphSS
     Min: 16, Max: 16  Cnt: 1  Sum: 16  Avg: 16
 
 Scanned      GoGraphSS
     Min: 16, Max: 16  Cnt: 1  Sum: 16  Avg: 16
 

Table:  [GoGraphSS]
Items:  map[GoGraphSS:Min: 16, Max: 16  Cnt: 1  Sum: 16  Avg: 16
]
Scanned:  map[GoGraphSS:Min: 16, Max: 16  Cnt: 1  Sum: 16  Avg: 16
]
============= Operation Stats ================
capByTX     dpScan:  
 Consumed Capacity: 
Table: [GoGraph.sdk2.test-r1]
CapacityUnits: Min: 1, Max: 1  Cnt: 390  Sum: 390  Avg: 1

ReadCapacityUnits: 
WriteCapacityUnits: 
Table:
       GoGraph.sdk2.test-r1
           Capacity: Min: 0, Max: 0  Cnt: 390  Sum: 0  Avg: 0
 
GSI: TyIX
           Capacity: Min: 1, Max: 1  Cnt: 390  Sum: 390  Avg: 1
 
  Retrieved      GoGraph.sdk2.test-r1
     Min: 111, Max: 200  Cnt: 390  Sum: 77867  Avg: 199.65897435897435
 
 Scanned      GoGraph.sdk2.test-r1
     Min: 111, Max: 200  Cnt: 390  Sum: 77867  Avg: 199.65897435897435
 

Table:  [GoGraph.sdk2.test-r1]
Items:  map[GoGraph.sdk2.test-r1:Min: 111, Max: 200  Cnt: 390  Sum: 77867  Avg: 199.65897435897435
]
Scanned:  map[GoGraph.sdk2.test-r1:Min: 111, Max: 200  Cnt: 390  Sum: 77867  Avg: 199.65897435897435
]
============= Operation Stats ================
capByTX     FetchNode:  
 Consumed Capacity: 
Table: [GoGraph.sdk2.test-r1]
CapacityUnits: Min: 1, Max: 4  Cnt: 316476  Sum: 316483  Avg: 1.0000221185808718

ReadCapacityUnits: 
WriteCapacityUnits: 
Table:
       GoGraph.sdk2.test-r1
           Capacity: Min: 1, Max: 4  Cnt: 316476  Sum: 316483  Avg: 1.0000221185808718
 
  Retrieved      GoGraph.sdk2.test-r1
     Min: 1, Max: 10  Cnt: 316476  Sum: 2226594  Avg: 7.035585636825541
 
 Scanned      GoGraph.sdk2.test-r1
     Min: 1, Max: 10  Cnt: 239337  Sum: 2149455  Avg: 8.980872159340176
 

Table:  [GoGraph.sdk2.test-r1]
Items:  map[GoGraph.sdk2.test-r1:Min: 1, Max: 10  Cnt: 316476  Sum: 2226594  Avg: 7.035585636825541
]
Scanned:  map[GoGraph.sdk2.test-r1:Min: 1, Max: 10  Cnt: 239337  Sum: 2149455  Avg: 8.980872159340176
]
============= Operation Stats ================
capByTX     DP:  
 Consumed Capacity: 
Table: [GoGraph.sdk2.test-r1]
CapacityUnits: Min: 9, Max: 48  Cnt: 77139  Sum: 704295  Avg: 9.130206510325516

ReadCapacityUnits: 
WriteCapacityUnits: 
Table:
       GoGraph.sdk2.test-r1
           Capacity: Min: 9, Max: 48  Cnt: 77139  Sum: 704295  Avg: 9.130206510325516
 
 
Table:  [GoGraph.sdk2.test-r1]
Items:  map[]
Scanned:  map[]
============= Table Stats ================
CapByTable      GoGraphSS:  
       Capacity: Min: 1, Max: 1  Cnt: 3  Sum: 3  Avg: 1

============= Table Stats ================
CapByTable      GoGraph.sdk2.test-r1:  
       Capacity: Min: 0, Max: 48  Cnt: 394005  Sum: 1.020778e+06  Avg: 2.590774228753442

============= Table Stats ================
CapByTable      pgState:  
       Capacity: Min: 1, Max: 1  Cnt: 388  Sum: 388  Avg: 1

=============  GSI Stats ================
CapByGSI      TyIX:  
       Capacity: Min: 1, Max: 1  Cnt: 390  Sum: 390  Avg: 1

